#
# A fatal error has been detected by the Java Runtime Environment:
#
#  EXCEPTION_ACCESS_VIOLATION (0xc0000005) at pc=0x00007ffe29cad69a, pid=28032, tid=22736
#
# JRE version: OpenJDK Runtime Environment Temurin-17.0.2+8 (17.0.2+8) (build 17.0.2+8)
# Java VM: OpenJDK 64-Bit Server VM Temurin-17.0.2+8 (17.0.2+8, mixed mode, emulated-client, tiered, compressed oops, compressed class ptrs, g1 gc, windows-amd64)
# Problematic frame:
# V  [jvm.dll+0x79d69a]
#
# No core dump will be written. Minidumps are not enabled by default on client versions of Windows
#
# If you would like to submit a bug report, please visit:
#   https://github.com/adoptium/adoptium-support/issues
#

---------------  S U M M A R Y ------------

Command Line: -XX:+ShowCodeDetailsInExceptionMessages -agentlib:jdwp=transport=dt_socket,suspend=y,address=localhost:57492 -Dcom.sun.management.jmxremote -Dcom.sun.management.jmxremote.port=57491 -Dcom.sun.management.jmxremote.authenticate=false -Dcom.sun.management.jmxremote.ssl=false -Djava.rmi.server.hostname=localhost -Dspring.jmx.enabled=true -Dspring.application.admin.enabled=true -XX:TieredStopAtLevel=1 -Dspring.boot.project.name=ProcesarCalendario -javaagent:C:\Programas\eclipse\eclipse\configuration\org.eclipse.osgi\422\0\.cp\lib\javaagent-shaded.jar -Dfile.encoding=UTF-8 com.batch.marcas.DemoSpringBatchApplication

Host: Intel(R) Core(TM) i7-10510U CPU @ 1.80GHz, 8 cores, 15G,  Windows 11 , 64 bit Build 22621 (10.0.22621.1778)
Time: Fri Jun 16 15:01:52 2023 Hora estándar de Montevideo elapsed time: 20.086269 seconds (0d 0h 0m 20s)

---------------  T H R E A D  ---------------

Current thread (0x0000024a84a859d0):  JavaThread "JDWP Transport Listener: dt_socket" daemon [_thread_in_vm, id=22736, stack(0x000000e334500000,0x000000e334600000)]

Stack: [0x000000e334500000,0x000000e334600000],  sp=0x000000e3345ff550,  free space=1021k
Native frames: (J=compiled Java code, j=interpreted, Vv=VM code, C=native code)
V  [jvm.dll+0x79d69a]
V  [jvm.dll+0x50842c]
V  [jvm.dll+0x4cfa94]
C  [jdwp.dll+0x22dff]


siginfo: EXCEPTION_ACCESS_VIOLATION (0xc0000005), reading address 0x000000000008000b


Register to memory mapping:

RIP=0x00007ffe29cad69a jvm.dll
RAX=0x0000000000000026 is an unknown value
RBX=0x0000024a848b7bc3 points into unknown readable memory: 67 2f 73 70 72
RCX=0x0000000000080007 is an unknown value
RDX=0x0000024a89370f60 points into unknown readable memory: 0x7461622f6d6f634c | 4c 63 6f 6d 2f 62 61 74
RSP=0x000000e3345ff550 is pointing into the stack for thread: 0x0000024a84a859d0
RBP=0x0000024a84a72c30 points into unknown readable memory: 0x0000001700000002 | 02 00 00 00 17 00 00 00
RSI=0x0 is NULL
RDI=0xffffffffffffffff is an unknown value
R8 =0x0000000000000016 is an unknown value
R9 =0x000000000000001e is an unknown value
R10=0x0 is NULL
R11=0x000000e3345ff570 is pointing into the stack for thread: 0x0000024a84a859d0
R12=0x000000e3345ff6a8 is pointing into the stack for thread: 0x0000024a84a859d0
R13=0x0 is NULL
R14=0x00000008002b4838 is a pointer to class: 
com.batch.marcas.writer.MarcaProcesadaItemWriter {0x00000008002b4840}
 - instance size:     2
 - klass size:        69
 - access:            public synchronized 
 - state:             fully_initialized
 - name:              'com/batch/marcas/writer/MarcaProcesadaItemWriter'
 - super:             'java/lang/Object'
 - sub:               
 - arrays:            NULL
 - methods:           Array<T>(0x0000024a8a505a30)
 - method ordering:   Array<T>(0x0000024a8a505bb8)
 - default_methods:   Array<T>(0x0000000000000000)
 - local interfaces:  Array<T>(0x0000024a878d9390)
 - trans. interfaces: Array<T>(0x0000024a878d9390)
 - constants:         constant pool [71] {0x0000024a8a506018} for 'com/batch/marcas/writer/MarcaProcesadaItemWriter' cache=0x0000024a8a5062d8
 - class loader data:  loader data: 0x0000024a849cf360 for instance a 'jdk/internal/loader/ClassLoaders$AppClassLoader'{0x00000007033c8e00}
 - source file:       'MarcaProcesadaItemWriter.java'
 - source debug extension:       SMAP
MarcaProcesadaItemWriter.java
Java
*S jdt
*F
1 MarcaProcesadaItemWriter.java
2 file:/C:/Proyectos/eclipse-workspace/ProcesarCalendario/target/classes/
*L
*E

 - class annotations:       Array<T>(0x0000000000000000)
 - class type annotations:  Array<T>(0x0000000000000000)
 - field annotations:       Array<T>(0x0000024a8a505a08)
 - field type annotations:  Array<T>(0x0000000000000000)
 - generic signature: '
[error occurred during error reporting (printing register info), id 0xc0000005, EXCEPTION_ACCESS_VIOLATION (0xc0000005) at pc=0x00007ffe29cae2a6]

Registers:
RAX=0x0000000000000026, RBX=0x0000024a848b7bc3, RCX=0x0000000000080007, RDX=0x0000024a89370f60
RSP=0x000000e3345ff550, RBP=0x0000024a84a72c30, RSI=0x0000000000000000, RDI=0xffffffffffffffff
R8 =0x0000000000000016, R9 =0x000000000000001e, R10=0x0000000000000000, R11=0x000000e3345ff570
R12=0x000000e3345ff6a8, R13=0x0000000000000000, R14=0x00000008002b4838, R15=0x000000e3345ff6d0
RIP=0x00007ffe29cad69a, EFLAGS=0x0000000000010206

Top of Stack: (sp=0x000000e3345ff550)
0x000000e3345ff550:   0000000000000030 00000008002b4838
0x000000e3345ff560:   0000024a890c4550 00007ffea1ccab01
0x000000e3345ff570:   ffffffffffffffff 00007ffe29a1842c
0x000000e3345ff580:   0000024a848b7bc3 0000024a848b7b90
0x000000e3345ff590:   0000024a84a72c30 0000000000000000
0x000000e3345ff5a0:   0000024a848b7b40 00000000000003d8
0x000000e3345ff5b0:   0000024a848b7b50 0000024a848b7f28
0x000000e3345ff5c0:   0000000000013b01 000000e3345ff6a8
0x000000e3345ff5d0:   0000000000000007 0000024a84a85c78
0x000000e3345ff5e0:   00000007037d7070 00007ffe299dfa94
0x000000e3345ff5f0:   0000024a84a859d0 000000e3345ff6d0
0x000000e3345ff600:   0000024af16974d0 000000e3345ff6d0
0x000000e3345ff610:   0000024a84a859d0 0000000000000000
0x000000e3345ff620:   0000000000000000 0000000000000000
0x000000e3345ff630:   0000024a86643a90 00007ffe893e2dff
0x000000e3345ff640:   000000e3345ff6c8 00007ffe893f1aa0 

Instructions: (pc=0x00007ffe29cad69a)
0x00007ffe29cad59a:   48 83 c4 20 5f e9 4c 8d 90 ff cc cc cc cc cc cc
0x00007ffe29cad5aa:   cc cc cc cc cc cc 48 89 5c 24 08 57 48 83 ec 20
0x00007ffe29cad5ba:   83 fa 02 8d 42 06 b9 08 00 00 00 49 8b d8 0f 4e
0x00007ffe29cad5ca:   c1 48 63 c8 48 83 c1 07 83 e1 f8 48 63 f9 49 8b
0x00007ffe29cad5da:   48 18 48 8b c7 48 f7 d0 48 3b c1 73 16 4c 8d 05
0x00007ffe29cad5ea:   da 4c 17 00 48 8b d7 48 8b cb e8 57 f0 90 ff 48
0x00007ffe29cad5fa:   8b 4b 18 48 8d 04 39 48 3b 43 20 76 18 45 33 c0
0x00007ffe29cad60a:   48 8b d7 48 8b cb 48 8b 5c 24 30 48 83 c4 20 5f
0x00007ffe29cad61a:   e9 b1 ec 90 ff 48 89 43 18 48 8b c1 48 8b 5c 24
0x00007ffe29cad62a:   30 48 83 c4 20 5f c3 cc cc cc cc cc cc cc cc cc
0x00007ffe29cad63a:   cc cc cc cc cc cc 4c 8b d2 4c 8b d9 45 85 c0 7e
0x00007ffe29cad64a:   3c 44 0f b7 49 04 41 8d 40 ff 41 3b c1 44 0f 4c
0x00007ffe29cad65a:   c8 4d 63 c1 45 85 c9 7e 1f 48 8b c2 4c 2b da 49
0x00007ffe29cad66a:   8b d0 0f 1f 40 00 41 0f b6 4c 03 06 88 08 48 8d
0x00007ffe29cad67a:   40 01 48 83 ea 01 75 ee 43 c6 04 10 00 49 8b c2
0x00007ffe29cad68a:   c3 cc cc cc cc cc 48 89 5c 24 08 57 48 83 ec 20
0x00007ffe29cad69a:   0f b7 59 04 48 8b f9 33 d2 48 8d 4b 01 e8 84 df
0x00007ffe29cad6aa:   f2 ff 0f b7 57 04 4c 8b c0 3b da 0f 42 d3 44 8b
0x00007ffe29cad6ba:   ca 85 d2 74 39 48 2b f8 0f 1f 40 00 66 66 0f 1f
0x00007ffe29cad6ca:   84 00 00 00 00 00 0f b6 4c 07 06 88 08 48 ff c0
0x00007ffe29cad6da:   48 8b c8 49 2b c8 49 3b c9 7c eb 42 c6 04 02 00
0x00007ffe29cad6ea:   49 8b c0 48 8b 5c 24 30 48 83 c4 20 5f c3 48 8b
0x00007ffe29cad6fa:   5c 24 30 c6 04 02 00 48 83 c4 20 5f c3 cc cc cc
0x00007ffe29cad70a:   cc cc cc cc cc cc 4c 8b d1 45 85 c0 7e 6c 44 0f
0x00007ffe29cad71a:   b7 49 04 41 8d 40 ff 41 3b c1 44 0f 4c c8 4d 63
0x00007ffe29cad72a:   d9 45 85 c9 7e 22 48 8b ca 4c 2b d2 4d 8b c3 0f
0x00007ffe29cad73a:   1f 80 00 00 00 00 41 0f b6 44 0a 06 88 01 48 8d
0x00007ffe29cad74a:   49 01 49 83 e8 01 75 ee 41 c6 04 13 00 48 c7 c0
0x00007ffe29cad75a:   ff ff ff ff 66 90 48 ff c0 80 3c 02 00 75 f7 48
0x00007ffe29cad76a:   63 c8 85 c0 48 8b c2 7e 14 80 38 2f 75 03 c6 00
0x00007ffe29cad77a:   2e 48 ff c0 48 83 e9 01 75 ef 48 8b c2 c3 cc cc
0x00007ffe29cad78a:   cc cc cc cc cc cc 48 83 ec 28 e8 f7 fe ff ff 4c 


Stack slot to memory mapping:
stack at sp + 0 slots: 0x0000000000000030 is an unknown value
stack at sp + 1 slots: 0x00000008002b4838 is a pointer to class: 
com.batch.marcas.writer.MarcaProcesadaItemWriter {0x00000008002b4840}
 - instance size:     2
 - klass size:        69
 - access:            public synchronized 
 - state:             fully_initialized
 - name:              'com/batch/marcas/writer/MarcaProcesadaItemWriter'
 - super:             'java/lang/Object'
 - sub:               
 - arrays:            NULL
 - methods:           Array<T>(0x0000024a8a505a30)
 - method ordering:   Array<T>(0x0000024a8a505bb8)
 - default_methods:   Array<T>(0x0000000000000000)
 - local interfaces:  Array<T>(0x0000024a878d9390)
 - trans. interfaces: Array<T>(0x0000024a878d9390)
 - constants:         constant pool [71] {0x0000024a8a506018} for 'com/batch/marcas/writer/MarcaProcesadaItemWriter' cache=0x0000024a8a5062d8
 - class loader data:  loader data: 0x0000024a849cf360 for instance a 'jdk/internal/loader/ClassLoaders$AppClassLoader'{0x00000007033c8e00}
 - source file:       'MarcaProcesadaItemWriter.java'
 - source debug extension:       SMAP
MarcaProcesadaItemWriter.java
Java
*S jdt
*F
1 MarcaProcesadaItemWriter.java
2 file:/C:/Proyectos/eclipse-workspace/ProcesarCalendario/target/classes/
*L
*E

 - class annotations:       Array<T>(0x0000000000000000)
 - class type annotations:  Array<T>(0x0000000000000000)
 - field annotations:       Array<T>(0x0000024a8a505a08)
 - field type annotations:  Array<T>(0x0000000000000000)
 - generic signature: '
[error occurred during error reporting (inspecting top of stack), id 0xc0000005, EXCEPTION_ACCESS_VIOLATION (0xc0000005) at pc=0x00007ffe29cae2a6]


---------------  P R O C E S S  ---------------

Threads class SMR info:
_java_thread_list=0x0000024a86d19b90, length=24, elements={
0x0000024a848264d0, 0x0000024a848246c0, 0x0000024a8485c880, 0x0000024a8485d140,
0x0000024a8485dcf0, 0x0000024a8485e6a0, 0x0000024a8485f100, 0x0000024a8486ece0,
0x0000024a84872b80, 0x0000024a84a859d0, 0x0000024a84a87880, 0x0000024a84a8bd90,
0x0000024a852a1580, 0x0000024a8549c020, 0x0000024a854bab90, 0x0000024a8556e3e0,
0x0000024a868b2020, 0x0000024a8665e6c0, 0x0000024a8661af80, 0x0000024a868dc5e0,
0x0000024a868dcab0, 0x0000024a868db770, 0x0000024a88e84b90, 0x0000024a88e86d40
}

Java Threads: ( => current thread )
  0x0000024a848264d0 JavaThread "Reference Handler" daemon [_thread_blocked, id=31056, stack(0x000000e333a00000,0x000000e333b00000)]
  0x0000024a848246c0 JavaThread "Finalizer" daemon [_thread_blocked, id=28072, stack(0x000000e333b00000,0x000000e333c00000)]
  0x0000024a8485c880 JavaThread "Signal Dispatcher" daemon [_thread_blocked, id=22932, stack(0x000000e333c00000,0x000000e333d00000)]
  0x0000024a8485d140 JavaThread "Attach Listener" daemon [_thread_blocked, id=21788, stack(0x000000e333d00000,0x000000e333e00000)]
  0x0000024a8485dcf0 JavaThread "Service Thread" daemon [_thread_blocked, id=22960, stack(0x000000e333e00000,0x000000e333f00000)]
  0x0000024a8485e6a0 JavaThread "Monitor Deflation Thread" daemon [_thread_blocked, id=27104, stack(0x000000e333f00000,0x000000e334000000)]
  0x0000024a8485f100 JavaThread "C1 CompilerThread0" daemon [_thread_blocked, id=23592, stack(0x000000e334000000,0x000000e334100000)]
  0x0000024a8486ece0 JavaThread "Sweeper thread" daemon [_thread_blocked, id=12928, stack(0x000000e334100000,0x000000e334200000)]
  0x0000024a84872b80 JavaThread "Common-Cleaner" daemon [_thread_blocked, id=20628, stack(0x000000e334200000,0x000000e334300000)]
=>0x0000024a84a859d0 JavaThread "JDWP Transport Listener: dt_socket" daemon [_thread_in_vm, id=22736, stack(0x000000e334500000,0x000000e334600000)]
  0x0000024a84a87880 JavaThread "JDWP Event Helper Thread" daemon [_thread_blocked, id=25156, stack(0x000000e334600000,0x000000e334700000)]
  0x0000024a84a8bd90 JavaThread "JDWP Command Reader" daemon [_thread_in_native, id=14792, stack(0x000000e334700000,0x000000e334800000)]
  0x0000024a852a1580 JavaThread "Notification Thread" daemon [_thread_blocked, id=32976, stack(0x000000e334800000,0x000000e334900000)]
  0x0000024a8549c020 JavaThread "RMI TCP Accept-0" daemon [_thread_in_native, id=23636, stack(0x000000e334900000,0x000000e334a00000)]
  0x0000024a854bab90 JavaThread "RMI TCP Accept-57491" daemon [_thread_in_native, id=28620, stack(0x000000e334a00000,0x000000e334b00000)]
  0x0000024a8556e3e0 JavaThread "RMI TCP Accept-0" daemon [_thread_in_native, id=30724, stack(0x000000e334b00000,0x000000e334c00000)]
  0x0000024a868b2020 JavaThread "RMI TCP Connection(1)-127.0.0.1" daemon [_thread_in_native, id=24452, stack(0x000000e335700000,0x000000e335800000)]
  0x0000024a8665e6c0 JavaThread "RMI Scheduler(0)" daemon [_thread_blocked, id=21208, stack(0x000000e335800000,0x000000e335900000)]
  0x0000024a8661af80 JavaThread "RMI TCP Connection(2)-127.0.0.1" daemon [_thread_in_native, id=26888, stack(0x000000e335900000,0x000000e335a00000)]
  0x0000024a868dc5e0 JavaThread "JMX server connection timeout 26" daemon [_thread_blocked, id=23856, stack(0x000000e335a00000,0x000000e335b00000)]
  0x0000024a868dcab0 JavaThread "mysql-cj-abandoned-connection-cleanup" daemon [_thread_blocked, id=8840, stack(0x000000e335c00000,0x000000e335d00000)]
  0x0000024a868db770 JavaThread "HikariPool-1 housekeeper" daemon [_thread_blocked, id=21512, stack(0x000000e335e00000,0x000000e335f00000)]
  0x0000024a88e84b90 JavaThread "scheduling-1" [_thread_blocked, id=23656, stack(0x000000e336000000,0x000000e336100000)]
  0x0000024a88e86d40 JavaThread "DestroyJavaVM" [_thread_blocked, id=31936, stack(0x000000e333300000,0x000000e333400000)]

Other Threads:
  0x0000024a84806d20 VMThread "VM Thread" [stack: 0x000000e333900000,0x000000e333a00000] [id=25428]
  0x0000024af17141d0 WatcherThread [stack: 0x000000e334c00000,0x000000e334d00000] [id=31552]
  0x0000024af16fa2c0 GCTaskThread "GC Thread#0" [stack: 0x000000e333400000,0x000000e333500000] [id=26032]
  0x0000024a85570c70 GCTaskThread "GC Thread#1" [stack: 0x000000e334d00000,0x000000e334e00000] [id=3944]
  0x0000024a8572e490 GCTaskThread "GC Thread#2" [stack: 0x000000e334e00000,0x000000e334f00000] [id=24096]
  0x0000024a8573d610 GCTaskThread "GC Thread#3" [stack: 0x000000e334f00000,0x000000e335000000] [id=9876]
  0x0000024a8573dcd0 GCTaskThread "GC Thread#4" [stack: 0x000000e335000000,0x000000e335100000] [id=27716]
  0x0000024a8573e790 GCTaskThread "GC Thread#5" [stack: 0x000000e335100000,0x000000e335200000] [id=8908]
  0x0000024a857675e0 GCTaskThread "GC Thread#6" [stack: 0x000000e335200000,0x000000e335300000] [id=17176]
  0x0000024a85767890 GCTaskThread "GC Thread#7" [stack: 0x000000e335300000,0x000000e335400000] [id=30984]
  0x0000024af170aed0 ConcurrentGCThread "G1 Main Marker" [stack: 0x000000e333500000,0x000000e333600000] [id=22424]
  0x0000024af170b8e0 ConcurrentGCThread "G1 Conc#0" [stack: 0x000000e333600000,0x000000e333700000] [id=25888]
  0x0000024a8665f3e0 ConcurrentGCThread "G1 Conc#1" [stack: 0x000000e335b00000,0x000000e335c00000] [id=16760]
  0x0000024affe724d0 ConcurrentGCThread "G1 Refine#0" [stack: 0x000000e333700000,0x000000e333800000] [id=31796]
  0x0000024a85751af0 ConcurrentGCThread "G1 Refine#1" [stack: 0x000000e335400000,0x000000e335500000] [id=28324]
  0x0000024a85747070 ConcurrentGCThread "G1 Refine#2" [stack: 0x000000e335500000,0x000000e335600000] [id=28840]
  0x0000024affe73da0 ConcurrentGCThread "G1 Service" [stack: 0x000000e333800000,0x000000e333900000] [id=17088]

Threads with active compile tasks:

VM state: not at safepoint (normal execution)

VM Mutex/Monitor currently owned by a thread: None

Heap address: 0x0000000703200000, size: 4046 MB, Compressed Oops mode: Zero based, Oop shift amount: 3

CDS archive(s) not mapped
Compressed class space mapped at: 0x0000000800000000-0x0000000840000000, reserved size: 1073741824
Narrow klass base: 0x0000000800000000, Narrow klass shift: 0, Narrow klass range: 0x40000000

GC Precious Log:
 CPUs: 8 total, 8 available
 Memory: 16180M
 Large Page Support: Disabled
 NUMA Support: Disabled
 Compressed Oops: Enabled (Zero based)
 Heap Region Size: 2M
 Heap Min Capacity: 8M
 Heap Initial Capacity: 254M
 Heap Max Capacity: 4046M
 Pre-touch: Disabled
 Parallel Workers: 8
 Concurrent Workers: 2
 Concurrent Refinement Workers: 8
 Periodic GC: Disabled

Heap:
 garbage-first heap   total 137216K, used 35636K [0x0000000703200000, 0x0000000800000000)
  region size 2048K, 13 young (26624K), 4 survivors (8192K)
 Metaspace       used 57485K, committed 57856K, reserved 1105920K
  class space    used 7588K, committed 7744K, reserved 1048576K

Heap Regions: E=young(eden), S=young(survivor), O=old, HS=humongous(starts), HC=humongous(continues), CS=collection set, F=free, OA=open archive, CA=closed archive, TAMS=top-at-mark-start (previous, next)
|   0|0x0000000703200000, 0x0000000703400000, 0x0000000703400000|100%| O|  |TAMS 0x0000000703400000, 0x0000000703200000| Untracked 
|   1|0x0000000703400000, 0x0000000703600000, 0x0000000703600000|100%| O|  |TAMS 0x0000000703600000, 0x0000000703400000| Untracked 
|   2|0x0000000703600000, 0x0000000703800000, 0x0000000703800000|100%| O|  |TAMS 0x0000000703600000, 0x0000000703600000| Untracked 
|   3|0x0000000703800000, 0x0000000703a00000, 0x0000000703a00000|100%| O|  |TAMS 0x0000000703a00000, 0x0000000703800000| Untracked 
|   4|0x0000000703a00000, 0x0000000703c00000, 0x0000000703c00000|100%| O|  |TAMS 0x0000000703c00000, 0x0000000703a00000| Untracked 
|   5|0x0000000703c00000, 0x0000000703c00000, 0x0000000703e00000|  0%| F|  |TAMS 0x0000000703c00000, 0x0000000703c00000| Untracked 
|   6|0x0000000703e00000, 0x0000000704000000, 0x0000000704000000|100%| O|  |TAMS 0x0000000703e00000, 0x0000000703e00000| Untracked 
|   7|0x0000000704000000, 0x0000000704000000, 0x0000000704200000|  0%| F|  |TAMS 0x0000000704000000, 0x0000000704000000| Untracked 
|   8|0x0000000704200000, 0x0000000704200000, 0x0000000704400000|  0%| F|  |TAMS 0x0000000704200000, 0x0000000704200000| Untracked 
|   9|0x0000000704400000, 0x0000000704400000, 0x0000000704600000|  0%| F|  |TAMS 0x0000000704400000, 0x0000000704400000| Untracked 
|  10|0x0000000704600000, 0x00000007047e7c00, 0x0000000704800000| 95%| O|  |TAMS 0x0000000704600000, 0x0000000704600000| Untracked 
|  11|0x0000000704800000, 0x0000000704800000, 0x0000000704a00000|  0%| F|  |TAMS 0x0000000704800000, 0x0000000704800000| Untracked 
|  12|0x0000000704a00000, 0x0000000704a00000, 0x0000000704c00000|  0%| F|  |TAMS 0x0000000704a00000, 0x0000000704a00000| Untracked 
|  13|0x0000000704c00000, 0x0000000704c00000, 0x0000000704e00000|  0%| F|  |TAMS 0x0000000704c00000, 0x0000000704c00000| Untracked 
|  14|0x0000000704e00000, 0x0000000704e00000, 0x0000000705000000|  0%| F|  |TAMS 0x0000000704e00000, 0x0000000704e00000| Untracked 
|  15|0x0000000705000000, 0x0000000705000000, 0x0000000705200000|  0%| F|  |TAMS 0x0000000705000000, 0x0000000705000000| Untracked 
|  16|0x0000000705200000, 0x0000000705200000, 0x0000000705400000|  0%| F|  |TAMS 0x0000000705200000, 0x0000000705200000| Untracked 
|  17|0x0000000705400000, 0x0000000705400000, 0x0000000705600000|  0%| F|  |TAMS 0x0000000705400000, 0x0000000705400000| Untracked 
|  18|0x0000000705600000, 0x0000000705600000, 0x0000000705800000|  0%| F|  |TAMS 0x0000000705600000, 0x0000000705600000| Untracked 
|  19|0x0000000705800000, 0x0000000705800000, 0x0000000705a00000|  0%| F|  |TAMS 0x0000000705800000, 0x0000000705800000| Untracked 
|  20|0x0000000705a00000, 0x0000000705a00000, 0x0000000705c00000|  0%| F|  |TAMS 0x0000000705a00000, 0x0000000705a00000| Untracked 
|  21|0x0000000705c00000, 0x0000000705c00000, 0x0000000705e00000|  0%| F|  |TAMS 0x0000000705c00000, 0x0000000705c00000| Untracked 
|  22|0x0000000705e00000, 0x0000000705e00000, 0x0000000706000000|  0%| F|  |TAMS 0x0000000705e00000, 0x0000000705e00000| Untracked 
|  23|0x0000000706000000, 0x00000007060e56c0, 0x0000000706200000| 44%| S|CS|TAMS 0x0000000706000000, 0x0000000706000000| Complete 
|  24|0x0000000706200000, 0x0000000706400000, 0x0000000706400000|100%| S|CS|TAMS 0x0000000706200000, 0x0000000706200000| Complete 
|  25|0x0000000706400000, 0x0000000706400000, 0x0000000706600000|  0%| F|  |TAMS 0x0000000706400000, 0x0000000706400000| Untracked 
|  26|0x0000000706600000, 0x0000000706600000, 0x0000000706800000|  0%| F|  |TAMS 0x0000000706600000, 0x0000000706600000| Untracked 
|  27|0x0000000706800000, 0x0000000706800000, 0x0000000706a00000|  0%| F|  |TAMS 0x0000000706800000, 0x0000000706800000| Untracked 
|  28|0x0000000706a00000, 0x0000000706c00000, 0x0000000706c00000|100%| S|CS|TAMS 0x0000000706a00000, 0x0000000706a00000| Complete 
|  29|0x0000000706c00000, 0x0000000706e00000, 0x0000000706e00000|100%| S|CS|TAMS 0x0000000706c00000, 0x0000000706c00000| Complete 
|  30|0x0000000706e00000, 0x0000000706e00000, 0x0000000707000000|  0%| F|  |TAMS 0x0000000706e00000, 0x0000000706e00000| Untracked 
|  31|0x0000000707000000, 0x0000000707000000, 0x0000000707200000|  0%| F|  |TAMS 0x0000000707000000, 0x0000000707000000| Untracked 
|  32|0x0000000707200000, 0x0000000707200000, 0x0000000707400000|  0%| F|  |TAMS 0x0000000707200000, 0x0000000707200000| Untracked 
|  33|0x0000000707400000, 0x0000000707400000, 0x0000000707600000|  0%| F|  |TAMS 0x0000000707400000, 0x0000000707400000| Untracked 
|  34|0x0000000707600000, 0x0000000707600000, 0x0000000707800000|  0%| F|  |TAMS 0x0000000707600000, 0x0000000707600000| Untracked 
|  35|0x0000000707800000, 0x0000000707800000, 0x0000000707a00000|  0%| F|  |TAMS 0x0000000707800000, 0x0000000707800000| Untracked 
|  36|0x0000000707a00000, 0x0000000707a00000, 0x0000000707c00000|  0%| F|  |TAMS 0x0000000707a00000, 0x0000000707a00000| Untracked 
|  37|0x0000000707c00000, 0x0000000707c00000, 0x0000000707e00000|  0%| F|  |TAMS 0x0000000707c00000, 0x0000000707c00000| Untracked 
|  38|0x0000000707e00000, 0x0000000707e00000, 0x0000000708000000|  0%| F|  |TAMS 0x0000000707e00000, 0x0000000707e00000| Untracked 
|  39|0x0000000708000000, 0x0000000708000000, 0x0000000708200000|  0%| F|  |TAMS 0x0000000708000000, 0x0000000708000000| Untracked 
|  40|0x0000000708200000, 0x0000000708200000, 0x0000000708400000|  0%| F|  |TAMS 0x0000000708200000, 0x0000000708200000| Untracked 
|  41|0x0000000708400000, 0x0000000708400000, 0x0000000708600000|  0%| F|  |TAMS 0x0000000708400000, 0x0000000708400000| Untracked 
|  42|0x0000000708600000, 0x0000000708600000, 0x0000000708800000|  0%| F|  |TAMS 0x0000000708600000, 0x0000000708600000| Untracked 
|  43|0x0000000708800000, 0x0000000708800000, 0x0000000708a00000|  0%| F|  |TAMS 0x0000000708800000, 0x0000000708800000| Untracked 
|  44|0x0000000708a00000, 0x0000000708a00000, 0x0000000708c00000|  0%| F|  |TAMS 0x0000000708a00000, 0x0000000708a00000| Untracked 
|  45|0x0000000708c00000, 0x0000000708c00000, 0x0000000708e00000|  0%| F|  |TAMS 0x0000000708c00000, 0x0000000708c00000| Untracked 
|  46|0x0000000708e00000, 0x0000000708e00000, 0x0000000709000000|  0%| F|  |TAMS 0x0000000708e00000, 0x0000000708e00000| Untracked 
|  47|0x0000000709000000, 0x0000000709000000, 0x0000000709200000|  0%| F|  |TAMS 0x0000000709000000, 0x0000000709000000| Untracked 
|  48|0x0000000709200000, 0x0000000709200000, 0x0000000709400000|  0%| F|  |TAMS 0x0000000709200000, 0x0000000709200000| Untracked 
|  49|0x0000000709400000, 0x0000000709400000, 0x0000000709600000|  0%| F|  |TAMS 0x0000000709400000, 0x0000000709400000| Untracked 
|  50|0x0000000709600000, 0x0000000709600000, 0x0000000709800000|  0%| F|  |TAMS 0x0000000709600000, 0x0000000709600000| Untracked 
|  51|0x0000000709800000, 0x0000000709800000, 0x0000000709a00000|  0%| F|  |TAMS 0x0000000709800000, 0x0000000709800000| Untracked 
|  52|0x0000000709a00000, 0x0000000709a00000, 0x0000000709c00000|  0%| F|  |TAMS 0x0000000709a00000, 0x0000000709a00000| Untracked 
|  53|0x0000000709c00000, 0x0000000709c00000, 0x0000000709e00000|  0%| F|  |TAMS 0x0000000709c00000, 0x0000000709c00000| Untracked 
|  54|0x0000000709e00000, 0x0000000709e00000, 0x000000070a000000|  0%| F|  |TAMS 0x0000000709e00000, 0x0000000709e00000| Untracked 
|  55|0x000000070a000000, 0x000000070a000000, 0x000000070a200000|  0%| F|  |TAMS 0x000000070a000000, 0x000000070a000000| Untracked 
|  56|0x000000070a200000, 0x000000070a200000, 0x000000070a400000|  0%| F|  |TAMS 0x000000070a200000, 0x000000070a200000| Untracked 
|  57|0x000000070a400000, 0x000000070a400000, 0x000000070a600000|  0%| F|  |TAMS 0x000000070a400000, 0x000000070a400000| Untracked 
|  58|0x000000070a600000, 0x000000070a800000, 0x000000070a800000|100%| E|  |TAMS 0x000000070a600000, 0x000000070a600000| Complete 
|  59|0x000000070a800000, 0x000000070aa00000, 0x000000070aa00000|100%| E|CS|TAMS 0x000000070a800000, 0x000000070a800000| Complete 
|  60|0x000000070aa00000, 0x000000070ac00000, 0x000000070ac00000|100%| E|CS|TAMS 0x000000070aa00000, 0x000000070aa00000| Complete 
|  61|0x000000070ac00000, 0x000000070ae00000, 0x000000070ae00000|100%| E|CS|TAMS 0x000000070ac00000, 0x000000070ac00000| Complete 
| 109|0x0000000710c00000, 0x0000000710e00000, 0x0000000710e00000|100%| E|  |TAMS 0x0000000710c00000, 0x0000000710c00000| Complete 
| 111|0x0000000711000000, 0x0000000711200000, 0x0000000711200000|100%| E|CS|TAMS 0x0000000711000000, 0x0000000711000000| Complete 
| 124|0x0000000712a00000, 0x0000000712c00000, 0x0000000712c00000|100%| E|CS|TAMS 0x0000000712a00000, 0x0000000712a00000| Complete 
| 125|0x0000000712c00000, 0x0000000712e00000, 0x0000000712e00000|100%| E|CS|TAMS 0x0000000712c00000, 0x0000000712c00000| Complete 
| 126|0x0000000712e00000, 0x0000000713000000, 0x0000000713000000|100%| E|CS|TAMS 0x0000000712e00000, 0x0000000712e00000| Complete 

Card table byte_map: [0x0000024af8650000,0x0000024af8e40000] _byte_map_base: 0x0000024af4e37000

Marking Bits (Prev, Next): (CMBitMap*) 0x0000024af16fa8d0, (CMBitMap*) 0x0000024af16fa910
 Prev Bits: [0x0000024af9630000, 0x0000024afd568000)
 Next Bits: [0x0000024a80000000, 0x0000024a83f38000)

Polling page: 0x0000024aef620000

Metaspace:

Usage:
  Non-class:     48.73 MB used.
      Class:      7.41 MB used.
       Both:     56.14 MB used.

Virtual space:
  Non-class space:       56.00 MB reserved,      48.94 MB ( 87%) committed,  7 nodes.
      Class space:        1.00 GB reserved,       7.56 MB ( <1%) committed,  1 nodes.
             Both:        1.05 GB reserved,      56.50 MB (  5%) committed. 

Chunk freelists:
   Non-Class:  2.97 MB
       Class:  496.00 KB
        Both:  3.45 MB

MaxMetaspaceSize: unlimited
CompressedClassSpaceSize: 1.00 GB
Initial GC threshold: 21.00 MB
Current GC threshold: 59.00 MB
CDS: off
MetaspaceReclaimPolicy: balanced
 - commit_granule_bytes: 65536.
 - commit_granule_words: 8192.
 - virtual_space_node_default_size: 1048576.
 - enlarge_chunks_in_place: 1.
 - new_chunks_are_fully_committed: 0.
 - uncommit_free_chunks: 1.
 - use_allocation_guard: 0.
 - handle_deallocations: 1.


Internal statistics:

num_allocs_failed_limit: 6.
num_arena_births: 382.
num_arena_deaths: 0.
num_vsnodes_births: 8.
num_vsnodes_deaths: 0.
num_space_committed: 904.
num_space_uncommitted: 0.
num_chunks_returned_to_freelist: 6.
num_chunks_taken_from_freelist: 1971.
num_chunk_merges: 3.
num_chunk_splits: 1418.
num_chunks_enlarged: 1136.
num_purges: 0.
num_inconsistent_stats: 0.

CodeCache: size=49152Kb used=10350Kb max_used=12040Kb free=38801Kb
 bounds [0x0000024af4d50000, 0x0000024af5920000, 0x0000024af7d50000]
 total_blobs=5712 nmethods=5079 adapters=560
 compilation: enabled
              stopped_count=0, restarted_count=0
 full_count=0

Compilation events (20 events):
Event: 3.817 Thread 0x0000024a84964020 5070       1       java.util.Calendar::get (10 bytes)
Event: 3.817 Thread 0x0000024a8485f100 5071       1       java.text.DontCareFieldPosition$1::formatted (1 bytes)
Event: 3.817 Thread 0x0000024a84964020 nmethod 5070 0x0000024af590dc10 code [0x0000024af590dda0, 0x0000024af590dec8]
Event: 3.817 Thread 0x0000024a8485f100 nmethod 5071 0x0000024af590e010 code [0x0000024af590e1a0, 0x0000024af590e258]
Event: 3.821 Thread 0x0000024a8485f100 5072       1       org.hibernate.internal.AbstractSharedSessionContract::isClosed (23 bytes)
Event: 3.821 Thread 0x0000024a8485f100 nmethod 5072 0x0000024af590e310 code [0x0000024af590e4a0, 0x0000024af590e598]
Event: 3.864 Thread 0x0000024a85785df0 5073       1       java.io.BufferedOutputStream::flushBuffer (29 bytes)
Event: 3.864 Thread 0x0000024a85785df0 nmethod 5073 0x0000024af5910310 code [0x0000024af59104a0, 0x0000024af59105c8]
Event: 3.865 Thread 0x0000024a8485f100 5074       1       java.util.GregorianCalendar::getWeekNumber (89 bytes)
Event: 3.865 Thread 0x0000024a85785df0 5075       1       sun.util.calendar.AbstractCalendar::getDayOfWeekDateOnOrBefore (31 bytes)
Event: 3.865 Thread 0x0000024a85785df0 nmethod 5075 0x0000024af5910690 code [0x0000024af5910820, 0x0000024af5910a58]
Event: 3.865 Thread 0x0000024a8485f100 nmethod 5074 0x0000024af5910b90 code [0x0000024af5910d40, 0x0000024af59110b8]
Event: 3.871 Thread 0x0000024a84873050 5076       1       com.mysql.cj.conf.DefaultPropertySet::getIntegerProperty (6 bytes)
Event: 3.871 Thread 0x0000024a84873050 nmethod 5076 0x0000024af5911290 code [0x0000024af5911420, 0x0000024af5911508]
Event: 3.874 Thread 0x0000024a85785df0 5077       1       java.util.ArrayList::remove (76 bytes)
Event: 3.875 Thread 0x0000024a85785df0 nmethod 5077 0x0000024af5911590 code [0x0000024af5911740, 0x0000024af5911978]
Event: 3.879 Thread 0x0000024a84873050 5078  s    1       java.io.BufferedOutputStream::flush (12 bytes)
Event: 3.879 Thread 0x0000024a84873050 nmethod 5078 0x0000024af5911b10 code [0x0000024af5911cc0, 0x0000024af5911eb8]
Event: 3.879 Thread 0x0000024a85785df0 5079       1       java.util.Calendar::getBaseStyle (6 bytes)
Event: 3.879 Thread 0x0000024a85785df0 nmethod 5079 0x0000024af5911f90 code [0x0000024af5912120, 0x0000024af59121f8]

GC Heap History (20 events):
Event: 1.305 GC heap before
{Heap before GC invocations=4 (full 0):
 garbage-first heap   total 55296K, used 40682K [0x0000000703200000, 0x0000000800000000)
  region size 2048K, 19 young (38912K), 2 survivors (4096K)
 Metaspace       used 23159K, committed 23360K, reserved 1073152K
  class space    used 2647K, committed 2752K, reserved 1048576K
}
Event: 1.309 GC heap after
{Heap after GC invocations=5 (full 0):
 garbage-first heap   total 55296K, used 9471K [0x0000000703200000, 0x0000000800000000)
  region size 2048K, 2 young (4096K), 2 survivors (4096K)
 Metaspace       used 23159K, committed 23360K, reserved 1073152K
  class space    used 2647K, committed 2752K, reserved 1048576K
}
Event: 1.327 GC heap before
{Heap before GC invocations=5 (full 0):
 garbage-first heap   total 55296K, used 11519K [0x0000000703200000, 0x0000000800000000)
  region size 2048K, 3 young (6144K), 2 survivors (4096K)
 Metaspace       used 23303K, committed 23552K, reserved 1073152K
  class space    used 2678K, committed 2816K, reserved 1048576K
}
Event: 1.331 GC heap after
{Heap after GC invocations=6 (full 0):
 garbage-first heap   total 55296K, used 10073K [0x0000000703200000, 0x0000000800000000)
  region size 2048K, 1 young (2048K), 1 survivors (2048K)
 Metaspace       used 23303K, committed 23552K, reserved 1073152K
  class space    used 2678K, committed 2816K, reserved 1048576K
}
Event: 1.523 GC heap before
{Heap before GC invocations=6 (full 0):
 garbage-first heap   total 55296K, used 36697K [0x0000000703200000, 0x0000000800000000)
  region size 2048K, 14 young (28672K), 1 survivors (2048K)
 Metaspace       used 25335K, committed 25664K, reserved 1073152K
  class space    used 2985K, committed 3136K, reserved 1048576K
}
Event: 1.525 GC heap after
{Heap after GC invocations=7 (full 0):
 garbage-first heap   total 157696K, used 10447K [0x0000000703200000, 0x0000000800000000)
  region size 2048K, 1 young (2048K), 1 survivors (2048K)
 Metaspace       used 25335K, committed 25664K, reserved 1073152K
  class space    used 2985K, committed 3136K, reserved 1048576K
}
Event: 2.154 GC heap before
{Heap before GC invocations=7 (full 0):
 garbage-first heap   total 157696K, used 102607K [0x0000000703200000, 0x0000000800000000)
  region size 2048K, 46 young (94208K), 1 survivors (2048K)
 Metaspace       used 35775K, committed 36032K, reserved 1081344K
  class space    used 4368K, committed 4480K, reserved 1048576K
}
Event: 2.159 GC heap after
{Heap after GC invocations=8 (full 0):
 garbage-first heap   total 157696K, used 14494K [0x0000000703200000, 0x0000000800000000)
  region size 2048K, 3 young (6144K), 3 survivors (6144K)
 Metaspace       used 35775K, committed 36032K, reserved 1081344K
  class space    used 4368K, committed 4480K, reserved 1048576K
}
Event: 2.168 GC heap before
{Heap before GC invocations=8 (full 0):
 garbage-first heap   total 157696K, used 16542K [0x0000000703200000, 0x0000000800000000)
  region size 2048K, 5 young (10240K), 3 survivors (6144K)
 Metaspace       used 35859K, committed 36096K, reserved 1081344K
  class space    used 4382K, committed 4480K, reserved 1048576K
}
Event: 2.171 GC heap after
{Heap after GC invocations=9 (full 0):
 garbage-first heap   total 157696K, used 14785K [0x0000000703200000, 0x0000000800000000)
  region size 2048K, 3 young (6144K), 3 survivors (6144K)
 Metaspace       used 35859K, committed 36096K, reserved 1081344K
  class space    used 4382K, committed 4480K, reserved 1048576K
}
Event: 2.405 GC heap before
{Heap before GC invocations=10 (full 0):
 garbage-first heap   total 69632K, used 55745K [0x0000000703200000, 0x0000000800000000)
  region size 2048K, 24 young (49152K), 3 survivors (6144K)
 Metaspace       used 39357K, committed 39616K, reserved 1089536K
  class space    used 5045K, committed 5184K, reserved 1048576K
}
Event: 2.411 GC heap after
{Heap after GC invocations=11 (full 0):
 garbage-first heap   total 69632K, used 15562K [0x0000000703200000, 0x0000000800000000)
  region size 2048K, 3 young (6144K), 3 survivors (6144K)
 Metaspace       used 39357K, committed 39616K, reserved 1089536K
  class space    used 5045K, committed 5184K, reserved 1048576K
}
Event: 2.428 GC heap before
{Heap before GC invocations=11 (full 0):
 garbage-first heap   total 69632K, used 15562K [0x0000000703200000, 0x0000000800000000)
  region size 2048K, 4 young (8192K), 3 survivors (6144K)
 Metaspace       used 39525K, committed 39808K, reserved 1089536K
  class space    used 5066K, committed 5184K, reserved 1048576K
}
Event: 2.434 GC heap after
{Heap after GC invocations=12 (full 0):
 garbage-first heap   total 69632K, used 15890K [0x0000000703200000, 0x0000000800000000)
  region size 2048K, 1 young (2048K), 1 survivors (2048K)
 Metaspace       used 39525K, committed 39808K, reserved 1089536K
  class space    used 5066K, committed 5184K, reserved 1048576K
}
Event: 2.659 GC heap before
{Heap before GC invocations=12 (full 0):
 garbage-first heap   total 69632K, used 54802K [0x0000000703200000, 0x0000000800000000)
  region size 2048K, 20 young (40960K), 1 survivors (2048K)
 Metaspace       used 43215K, committed 43520K, reserved 1089536K
  class space    used 5581K, committed 5760K, reserved 1048576K
}
Event: 2.662 GC heap after
{Heap after GC invocations=13 (full 0):
 garbage-first heap   total 137216K, used 15936K [0x0000000703200000, 0x0000000800000000)
  region size 2048K, 1 young (2048K), 1 survivors (2048K)
 Metaspace       used 43215K, committed 43520K, reserved 1089536K
  class space    used 5581K, committed 5760K, reserved 1048576K
}
Event: 3.288 GC heap before
{Heap before GC invocations=13 (full 0):
 garbage-first heap   total 137216K, used 95808K [0x0000000703200000, 0x0000000800000000)
  region size 2048K, 40 young (81920K), 1 survivors (2048K)
 Metaspace       used 49685K, committed 50048K, reserved 1097728K
  class space    used 6606K, committed 6784K, reserved 1048576K
}
Event: 3.293 GC heap after
{Heap after GC invocations=14 (full 0):
 garbage-first heap   total 137216K, used 18453K [0x0000000703200000, 0x0000000800000000)
  region size 2048K, 3 young (6144K), 3 survivors (6144K)
 Metaspace       used 49685K, committed 50048K, reserved 1097728K
  class space    used 6606K, committed 6784K, reserved 1048576K
}
Event: 3.698 GC heap before
{Heap before GC invocations=14 (full 0):
 garbage-first heap   total 137216K, used 94229K [0x0000000703200000, 0x0000000800000000)
  region size 2048K, 40 young (81920K), 3 survivors (6144K)
 Metaspace       used 55855K, committed 56256K, reserved 1097728K
  class space    used 7382K, committed 7552K, reserved 1048576K
}
Event: 3.704 GC heap after
{Heap after GC invocations=15 (full 0):
 garbage-first heap   total 137216K, used 21300K [0x0000000703200000, 0x0000000800000000)
  region size 2048K, 4 young (8192K), 4 survivors (8192K)
 Metaspace       used 55855K, committed 56256K, reserved 1097728K
  class space    used 7382K, committed 7552K, reserved 1048576K
}

Deoptimization events (20 events):
Event: 3.859 Thread 0x0000024a88e84b90 DEOPT PACKING pc=0x0000024af512955c sp=0x000000e3360f9ec0
Event: 3.859 Thread 0x0000024a88e84b90 DEOPT UNPACKING pc=0x0000024af4da2b43 sp=0x000000e3360f93b0 mode 1
Event: 3.859 Thread 0x0000024a88e84b90 DEOPT PACKING pc=0x0000024af5213ce4 sp=0x000000e3360f9400
Event: 3.859 Thread 0x0000024a88e84b90 DEOPT UNPACKING pc=0x0000024af4da2b43 sp=0x000000e3360f8898 mode 1
Event: 3.859 Thread 0x0000024a88e84b90 DEOPT PACKING pc=0x0000024af5208bfc sp=0x000000e3360f94d0
Event: 3.859 Thread 0x0000024a88e84b90 DEOPT UNPACKING pc=0x0000024af4da2b43 sp=0x000000e3360f8988 mode 1
Event: 3.859 Thread 0x0000024a88e84b90 DEOPT PACKING pc=0x0000024af512955c sp=0x000000e3360f9ec0
Event: 3.859 Thread 0x0000024a88e84b90 DEOPT UNPACKING pc=0x0000024af4da2b43 sp=0x000000e3360f93b0 mode 1
Event: 3.860 Thread 0x0000024a88e84b90 DEOPT PACKING pc=0x0000024af5213ce4 sp=0x000000e3360f94a0
Event: 3.860 Thread 0x0000024a88e84b90 DEOPT UNPACKING pc=0x0000024af4da2b43 sp=0x000000e3360f8938 mode 1
Event: 3.860 Thread 0x0000024a88e84b90 DEOPT PACKING pc=0x0000024af5208bfc sp=0x000000e3360f9570
Event: 3.860 Thread 0x0000024a88e84b90 DEOPT UNPACKING pc=0x0000024af4da2b43 sp=0x000000e3360f8a28 mode 1
Event: 3.860 Thread 0x0000024a88e84b90 DEOPT PACKING pc=0x0000024af512955c sp=0x000000e3360f9f60
Event: 3.860 Thread 0x0000024a88e84b90 DEOPT UNPACKING pc=0x0000024af4da2b43 sp=0x000000e3360f9450 mode 1
Event: 3.860 Thread 0x0000024a88e84b90 DEOPT PACKING pc=0x0000024af5213ce4 sp=0x000000e3360f94a0
Event: 3.860 Thread 0x0000024a88e84b90 DEOPT UNPACKING pc=0x0000024af4da2b43 sp=0x000000e3360f8938 mode 1
Event: 3.860 Thread 0x0000024a88e84b90 DEOPT PACKING pc=0x0000024af5208bfc sp=0x000000e3360f9570
Event: 3.860 Thread 0x0000024a88e84b90 DEOPT UNPACKING pc=0x0000024af4da2b43 sp=0x000000e3360f8a28 mode 1
Event: 3.860 Thread 0x0000024a88e84b90 DEOPT PACKING pc=0x0000024af512955c sp=0x000000e3360f9f60
Event: 3.860 Thread 0x0000024a88e84b90 DEOPT UNPACKING pc=0x0000024af4da2b43 sp=0x000000e3360f9450 mode 1

Classes unloaded (0 events):
No events

Classes redefined (1 events):
Event: 20.035 Thread 0x0000024a84806d20 redefined class name=com.batch.marcas.writer.MarcaProcesadaItemWriter, count=1

Internal exceptions (20 events):
Event: 3.220 Thread 0x0000024af16a7540 Exception <a 'java/lang/NoSuchMethodError'{0x0000000707204310}: 'void java.lang.invoke.DirectMethodHandle$Holder.invokeStaticInit(java.lang.Object, int, java.lang.Object)'> (0x0000000707204310) 
thrown [e:\jenkins\tmp\workspace\build\src\src\hotspot\share\interpreter\linkResolver.cpp, line 766]
Event: 3.221 Thread 0x0000024af16a7540 Exception <a 'java/lang/NoSuchMethodError'{0x0000000707231f08}: 'java.lang.Object java.lang.invoke.DirectMethodHandle$Holder.invokeInterface(java.lang.Object, java.lang.Object, java.lang.Object)'> (0x0000000707231f08) 
thrown [e:\jenkins\tmp\workspace\build\src\src\hotspot\share\interpreter\linkResolver.cpp, line 766]
Event: 3.263 Thread 0x0000024af16a7540 Exception <a 'java/lang/ClassNotFoundException'{0x0000000706d014a0}: java/lang/ObjectCustomizer> (0x0000000706d014a0) 
thrown [e:\jenkins\tmp\workspace\build\src\src\hotspot\share\classfile\systemDictionary.cpp, line 256]
Event: 3.264 Thread 0x0000024af16a7540 Exception <a 'java/lang/ClassNotFoundException'{0x0000000706d07fa8}: com/batch/marcas/model/EmpleadoCustomizer> (0x0000000706d07fa8) 
thrown [e:\jenkins\tmp\workspace\build\src\src\hotspot\share\classfile\systemDictionary.cpp, line 256]
Event: 3.273 Thread 0x0000024af16a7540 Exception <a 'java/lang/NoSuchMethodError'{0x0000000706a4e730}: 'int java.lang.invoke.DirectMethodHandle$Holder.invokeVirtual(java.lang.Object, java.lang.Object)'> (0x0000000706a4e730) 
thrown [e:\jenkins\tmp\workspace\build\src\src\hotspot\share\interpreter\linkResolver.cpp, line 766]
Event: 3.276 Thread 0x0000024af16a7540 Exception <a 'java/lang/NoSuchMethodError'{0x0000000706a9e660}: 'int java.lang.invoke.DirectMethodHandle$Holder.invokeVirtual(java.lang.Object, java.lang.Object, java.lang.Object)'> (0x0000000706a9e660) 
thrown [e:\jenkins\tmp\workspace\build\src\src\hotspot\share\interpreter\linkResolver.cpp, line 766]
Event: 3.294 Thread 0x0000024af16a7540 Exception <a 'java/lang/NoSuchMethodError'{0x0000000712e0b728}: 'java.lang.Object java.lang.invoke.DirectMethodHandle$Holder.invokeSpecialIFC(java.lang.Object, java.lang.Object, java.lang.Object)'> (0x0000000712e0b728) 
thrown [e:\jenkins\tmp\workspace\build\src\src\hotspot\share\interpreter\linkResolver.cpp, line 766]
Event: 3.298 Thread 0x0000024af16a7540 Exception <a 'java/lang/IncompatibleClassChangeError'{0x0000000712edf1e0}: Found class java.lang.Object, but interface was expected> (0x0000000712edf1e0) 
thrown [e:\jenkins\tmp\workspace\build\src\src\hotspot\share\interpreter\linkResolver.cpp, line 833]
Event: 3.340 Thread 0x0000024af16a7540 Exception <a 'java/lang/reflect/InvocationTargetException'{0x0000000711134a30}> (0x0000000711134a30) 
thrown [e:\jenkins\tmp\workspace\build\src\src\hotspot\share\runtime\reflection.cpp, line 1121]
Event: 3.348 Thread 0x0000024af16a7540 Exception <a 'java/lang/NoSuchMethodError'{0x0000000710c1c940}: 'int java.lang.invoke.DirectMethodHandle$Holder.invokeStatic(java.lang.Object, java.lang.Object, int)'> (0x0000000710c1c940) 
thrown [e:\jenkins\tmp\workspace\build\src\src\hotspot\share\interpreter\linkResolver.cpp, line 766]
Event: 3.350 Thread 0x0000024af16a7540 Exception <a 'java/lang/NoSuchMethodError'{0x0000000710c4bb98}: 'java.lang.Object java.lang.invoke.DirectMethodHandle$Holder.invokeStatic(java.lang.Object, java.lang.Object, int, java.lang.Object)'> (0x0000000710c4bb98) 
thrown [e:\jenkins\tmp\workspace\build\src\src\hotspot\share\interpreter\linkResolver.cpp, line 766]
Event: 3.350 Thread 0x0000024af16a7540 Exception <a 'java/lang/NoSuchMethodError'{0x0000000710c53458}: 'java.lang.Object java.lang.invoke.DirectMethodHandle$Holder.newInvokeSpecial(java.lang.Object, java.lang.Object, int)'> (0x0000000710c53458) 
thrown [e:\jenkins\tmp\workspace\build\src\src\hotspot\share\interpreter\linkResolver.cpp, line 766]
Event: 3.400 Thread 0x0000024af16a7540 Exception <a 'java/lang/ClassNotFoundException'{0x000000070a8e6d70}: java/lang/ObjectCustomizer> (0x000000070a8e6d70) 
thrown [e:\jenkins\tmp\workspace\build\src\src\hotspot\share\classfile\systemDictionary.cpp, line 256]
Event: 3.401 Thread 0x0000024af16a7540 Exception <a 'java/lang/ClassNotFoundException'{0x000000070a8ed9b8}: com/batch/marcas/model/CalendarioEmpleadoCustomizer> (0x000000070a8ed9b8) 
thrown [e:\jenkins\tmp\workspace\build\src\src\hotspot\share\classfile\systemDictionary.cpp, line 256]
Event: 3.403 Thread 0x0000024af16a7540 Exception <a 'java/lang/ClassNotFoundException'{0x000000070a912238}: java/lang/ObjectCustomizer> (0x000000070a912238) 
thrown [e:\jenkins\tmp\workspace\build\src\src\hotspot\share\classfile\systemDictionary.cpp, line 256]
Event: 3.403 Thread 0x0000024af16a7540 Exception <a 'java/lang/ClassNotFoundException'{0x000000070a919688}: com/batch/marcas/model/CompositeIdCalendarioCustomizer> (0x000000070a919688) 
thrown [e:\jenkins\tmp\workspace\build\src\src\hotspot\share\classfile\systemDictionary.cpp, line 256]
Event: 3.405 Thread 0x0000024af16a7540 Exception <a 'java/lang/ClassNotFoundException'{0x000000070a94db20}: java/lang/ObjectCustomizer> (0x000000070a94db20) 
thrown [e:\jenkins\tmp\workspace\build\src\src\hotspot\share\classfile\systemDictionary.cpp, line 256]
Event: 3.406 Thread 0x0000024af16a7540 Exception <a 'java/lang/ClassNotFoundException'{0x000000070a954ed0}: com/batch/marcas/model/HorasCalendarioCustomizer> (0x000000070a954ed0) 
thrown [e:\jenkins\tmp\workspace\build\src\src\hotspot\share\classfile\systemDictionary.cpp, line 256]
Event: 3.692 Thread 0x0000024af16a7540 Exception <a 'java/lang/NoSuchMethodError'{0x0000000706f368d8}: 'void java.lang.invoke.DirectMethodHandle$Holder.invokeVirtual(java.lang.Object, java.lang.Object, int)'> (0x0000000706f368d8) 
thrown [e:\jenkins\tmp\workspace\build\src\src\hotspot\share\interpreter\linkResolver.cpp, line 766]
Event: 3.714 Thread 0x0000024af16a7540 Exception <a 'java/lang/NoSuchMethodError'{0x0000000712eff388}: 'int java.lang.invoke.DirectMethodHandle$Holder.invokeInterface(java.lang.Object, java.lang.Object, java.lang.Object, java.lang.Object)'> (0x0000000712eff388) 
thrown [e:\jenkins\tmp\workspace\build\src\src\hotspot\share\interpreter\linkResolver.cpp, line 766]

VM Operations (20 events):
Event: 18.090 Executing VM operation: get/set locals
Event: 18.090 Executing VM operation: get/set locals done
Event: 18.090 Executing VM operation: get/set locals
Event: 18.091 Executing VM operation: get/set locals done
Event: 18.091 Executing VM operation: get/set locals
Event: 18.091 Executing VM operation: get/set locals done
Event: 18.091 Executing VM operation: get/set locals
Event: 18.091 Executing VM operation: get/set locals done
Event: 18.091 Executing VM operation: get/set locals
Event: 18.091 Executing VM operation: get/set locals done
Event: 18.092 Executing VM operation: get/set locals
Event: 18.092 Executing VM operation: get/set locals done
Event: 18.092 Executing VM operation: get/set locals
Event: 18.092 Executing VM operation: get/set locals done
Event: 20.021 Executing VM operation: ChangeSingleStep
Event: 20.021 Executing VM operation: ChangeSingleStep done
Event: 20.021 Executing VM operation: ChangeSingleStep
Event: 20.021 Executing VM operation: ChangeSingleStep done
Event: 20.031 Executing VM operation: RedefineClasses
Event: 20.044 Executing VM operation: RedefineClasses done

Events (20 events):
Event: 3.660 loading class java/util/concurrent/atomic/AtomicLongArray done
Event: 3.724 Thread 0x0000024a88e84b90 Thread added: 0x0000024a88e84b90
Event: 3.725 loading class java/util/AbstractMap$1$1
Event: 3.725 loading class java/util/AbstractMap$1$1 done
Event: 3.727 loading class java/util/IdentityHashMap$KeyIterator
Event: 3.727 loading class java/util/IdentityHashMap$KeyIterator done
Event: 3.727 Thread 0x0000024af16a7540 Thread exited: 0x0000024af16a7540
Event: 3.727 Thread 0x0000024a88e86d40 Thread added: 0x0000024a88e86d40
Event: 3.771 loading class jdk/internal/loader/BootLoader$PackageHelper
Event: 3.771 loading class jdk/internal/loader/BootLoader$PackageHelper done
Event: 3.824 loading class sun/reflect/generics/tree/ByteSignature
Event: 3.824 loading class sun/reflect/generics/tree/ByteSignature done
Event: 3.874 loading class java/util/concurrent/Semaphore$NonfairSync
Event: 3.874 loading class java/util/concurrent/Semaphore$Sync
Event: 3.875 loading class java/util/concurrent/Semaphore$Sync done
Event: 3.875 loading class java/util/concurrent/Semaphore$NonfairSync done
Event: 7.259 Thread 0x0000024a868dbc40 Thread exited: 0x0000024a868dbc40
Event: 8.893 Thread 0x0000024a85785df0 Thread exited: 0x0000024a85785df0
Event: 13.898 Thread 0x0000024a84964020 Thread exited: 0x0000024a84964020
Event: 13.898 Thread 0x0000024a84873050 Thread exited: 0x0000024a84873050


Dynamic libraries:
0x00007ff6049c0000 - 0x00007ff6049ce000 	C:\Programas\eclipse\eclipse\plugins\org.eclipse.justj.openjdk.hotspot.jre.full.win32.x86_64_17.0.2.v20220201-1208\jre\bin\javaw.exe
0x00007ffea1c90000 - 0x00007ffea1ea4000 	C:\WINDOWS\SYSTEM32\ntdll.dll
0x00007ffea1890000 - 0x00007ffea1952000 	C:\WINDOWS\System32\KERNEL32.DLL
0x00007ffe9f2c0000 - 0x00007ffe9f663000 	C:\WINDOWS\System32\KERNELBASE.dll
0x00007ffe9f670000 - 0x00007ffe9f781000 	C:\WINDOWS\System32\ucrtbase.dll
0x00007ffe07ab0000 - 0x00007ffe07ac8000 	C:\Programas\eclipse\eclipse\plugins\org.eclipse.justj.openjdk.hotspot.jre.full.win32.x86_64_17.0.2.v20220201-1208\jre\bin\jli.dll
0x00007ffe07a90000 - 0x00007ffe07aa9000 	C:\Programas\eclipse\eclipse\plugins\org.eclipse.justj.openjdk.hotspot.jre.full.win32.x86_64_17.0.2.v20220201-1208\jre\bin\VCRUNTIME140.dll
0x00007ffea0110000 - 0x00007ffea02bb000 	C:\WINDOWS\System32\USER32.dll
0x00007ffe9f900000 - 0x00007ffe9f926000 	C:\WINDOWS\System32\win32u.dll
0x00007ffe82cb0000 - 0x00007ffe82f3e000 	C:\WINDOWS\WinSxS\amd64_microsoft.windows.common-controls_6595b64144ccf1df_6.0.22621.1635_none_270f70857386168e\COMCTL32.dll
0x00007ffea0480000 - 0x00007ffea04a9000 	C:\WINDOWS\System32\GDI32.dll
0x00007ffea1970000 - 0x00007ffea1a17000 	C:\WINDOWS\System32\msvcrt.dll
0x00007ffe9f090000 - 0x00007ffe9f1a9000 	C:\WINDOWS\System32\gdi32full.dll
0x00007ffe9f1b0000 - 0x00007ffe9f24a000 	C:\WINDOWS\System32\msvcp_win.dll
0x00007ffea0610000 - 0x00007ffea0641000 	C:\WINDOWS\System32\IMM32.DLL
0x00007ffe6d0e0000 - 0x00007ffe6d0ec000 	C:\Programas\eclipse\eclipse\plugins\org.eclipse.justj.openjdk.hotspot.jre.full.win32.x86_64_17.0.2.v20220201-1208\jre\bin\vcruntime140_1.dll
0x00007ffe079f0000 - 0x00007ffe07a81000 	C:\Programas\eclipse\eclipse\plugins\org.eclipse.justj.openjdk.hotspot.jre.full.win32.x86_64_17.0.2.v20220201-1208\jre\bin\msvcp140.dll
0x00007ffe29510000 - 0x00007ffe2a157000 	C:\Programas\eclipse\eclipse\plugins\org.eclipse.justj.openjdk.hotspot.jre.full.win32.x86_64_17.0.2.v20220201-1208\jre\bin\server\jvm.dll
0x00007ffea0ef0000 - 0x00007ffea0f9e000 	C:\WINDOWS\System32\ADVAPI32.dll
0x00007ffea1b30000 - 0x00007ffea1bd4000 	C:\WINDOWS\System32\sechost.dll
0x00007ffe9fa90000 - 0x00007ffe9fba7000 	C:\WINDOWS\System32\RPCRT4.dll
0x00007ffea1960000 - 0x00007ffea1968000 	C:\WINDOWS\System32\PSAPI.DLL
0x00007ffe93d90000 - 0x00007ffe93d99000 	C:\WINDOWS\SYSTEM32\WSOCK32.dll
0x00007ffea0fa0000 - 0x00007ffea1011000 	C:\WINDOWS\System32\WS2_32.dll
0x00007ffe929d0000 - 0x00007ffe92a04000 	C:\WINDOWS\SYSTEM32\WINMM.dll
0x00007ffe8b5f0000 - 0x00007ffe8b5fa000 	C:\WINDOWS\SYSTEM32\VERSION.dll
0x00007ffe9e1b0000 - 0x00007ffe9e1c8000 	C:\WINDOWS\SYSTEM32\kernel.appcore.dll
0x00007ffe6cfd0000 - 0x00007ffe6cfda000 	C:\Programas\eclipse\eclipse\plugins\org.eclipse.justj.openjdk.hotspot.jre.full.win32.x86_64_17.0.2.v20220201-1208\jre\bin\jimage.dll
0x00007ffe9c990000 - 0x00007ffe9cbbe000 	C:\WINDOWS\SYSTEM32\DBGHELP.DLL
0x00007ffe9fcb0000 - 0x00007ffea0039000 	C:\WINDOWS\System32\combase.dll
0x00007ffe9fbb0000 - 0x00007ffe9fc87000 	C:\WINDOWS\System32\OLEAUT32.dll
0x00007ffe84fc0000 - 0x00007ffe84ff2000 	C:\WINDOWS\SYSTEM32\dbgcore.DLL
0x00007ffe9f930000 - 0x00007ffe9f9ab000 	C:\WINDOWS\System32\bcryptPrimitives.dll
0x00007ffe893c0000 - 0x00007ffe893fb000 	C:\Programas\eclipse\eclipse\plugins\org.eclipse.justj.openjdk.hotspot.jre.full.win32.x86_64_17.0.2.v20220201-1208\jre\bin\jdwp.dll
0x00007ffe95d10000 - 0x00007ffe95d1e000 	C:\Programas\eclipse\eclipse\plugins\org.eclipse.justj.openjdk.hotspot.jre.full.win32.x86_64_17.0.2.v20220201-1208\jre\bin\instrument.dll
0x00007ffe61d30000 - 0x00007ffe61d55000 	C:\Programas\eclipse\eclipse\plugins\org.eclipse.justj.openjdk.hotspot.jre.full.win32.x86_64_17.0.2.v20220201-1208\jre\bin\java.dll
0x00007ffe42d40000 - 0x00007ffe42d58000 	C:\Programas\eclipse\eclipse\plugins\org.eclipse.justj.openjdk.hotspot.jre.full.win32.x86_64_17.0.2.v20220201-1208\jre\bin\zip.dll
0x00007ffea1090000 - 0x00007ffea188a000 	C:\WINDOWS\System32\SHELL32.dll
0x00007ffe9d050000 - 0x00007ffe9d91e000 	C:\WINDOWS\SYSTEM32\windows.storage.dll
0x00007ffe9cf10000 - 0x00007ffe9d04e000 	C:\WINDOWS\SYSTEM32\wintypes.dll
0x00007ffea1a30000 - 0x00007ffea1b21000 	C:\WINDOWS\System32\SHCORE.dll
0x00007ffea04b0000 - 0x00007ffea050e000 	C:\WINDOWS\System32\shlwapi.dll
0x00007ffe9efc0000 - 0x00007ffe9efe1000 	C:\WINDOWS\SYSTEM32\profapi.dll
0x00007ffe8a180000 - 0x00007ffe8a18c000 	C:\Programas\eclipse\eclipse\plugins\org.eclipse.justj.openjdk.hotspot.jre.full.win32.x86_64_17.0.2.v20220201-1208\jre\bin\dt_socket.dll
0x00007ffe9dc80000 - 0x00007ffe9dcad000 	C:\WINDOWS\SYSTEM32\IPHLPAPI.DLL
0x00007ffe9e640000 - 0x00007ffe9e6a9000 	C:\WINDOWS\system32\mswsock.dll
0x00007ffe9dcb0000 - 0x00007ffe9dda3000 	C:\WINDOWS\SYSTEM32\DNSAPI.dll
0x00007ffea0650000 - 0x00007ffea0659000 	C:\WINDOWS\System32\NSI.dll
0x00007ffe8d730000 - 0x00007ffe8d73a000 	C:\Windows\System32\rasadhlp.dll
0x00007ffe909d0000 - 0x00007ffe90a54000 	C:\WINDOWS\System32\fwpuclnt.dll
0x00007ffe42d20000 - 0x00007ffe42d39000 	C:\Programas\eclipse\eclipse\plugins\org.eclipse.justj.openjdk.hotspot.jre.full.win32.x86_64_17.0.2.v20220201-1208\jre\bin\net.dll
0x00007ffe9bbc0000 - 0x00007ffe9bcf7000 	C:\WINDOWS\SYSTEM32\WINHTTP.dll
0x00007ffe255d0000 - 0x00007ffe255e5000 	C:\Programas\eclipse\eclipse\plugins\org.eclipse.justj.openjdk.hotspot.jre.full.win32.x86_64_17.0.2.v20220201-1208\jre\bin\nio.dll
0x00007ffe930a0000 - 0x00007ffe930a9000 	C:\Programas\eclipse\eclipse\plugins\org.eclipse.justj.openjdk.hotspot.jre.full.win32.x86_64_17.0.2.v20220201-1208\jre\bin\management.dll
0x00007ffe61df0000 - 0x00007ffe61dfb000 	C:\Programas\eclipse\eclipse\plugins\org.eclipse.justj.openjdk.hotspot.jre.full.win32.x86_64_17.0.2.v20220201-1208\jre\bin\management_ext.dll
0x00007ffe790c0000 - 0x00007ffe790d7000 	C:\WINDOWS\system32\napinsp.dll
0x00007ffe790a0000 - 0x00007ffe790bb000 	C:\WINDOWS\system32\pnrpnsp.dll
0x00007ffe79060000 - 0x00007ffe79071000 	C:\WINDOWS\System32\winrnr.dll
0x00007ffe79040000 - 0x00007ffe79055000 	C:\WINDOWS\system32\wshbth.dll
0x00007ffe78aa0000 - 0x00007ffe78ac1000 	C:\WINDOWS\system32\nlansp_c.dll
0x00007ffe9e8b0000 - 0x00007ffe9e8cb000 	C:\WINDOWS\SYSTEM32\CRYPTSP.dll
0x00007ffe9e110000 - 0x00007ffe9e145000 	C:\WINDOWS\system32\rsaenh.dll
0x00007ffe9e740000 - 0x00007ffe9e768000 	C:\WINDOWS\SYSTEM32\USERENV.dll
0x00007ffe9ea60000 - 0x00007ffe9ea88000 	C:\WINDOWS\SYSTEM32\bcrypt.dll
0x00007ffe9e8a0000 - 0x00007ffe9e8ac000 	C:\WINDOWS\SYSTEM32\CRYPTBASE.dll
0x00007ffe92940000 - 0x00007ffe92959000 	C:\WINDOWS\SYSTEM32\dhcpcsvc6.DLL
0x00007ffe92920000 - 0x00007ffe9293f000 	C:\WINDOWS\SYSTEM32\dhcpcsvc.DLL
0x00007ffe61de0000 - 0x00007ffe61df0000 	C:\Programas\eclipse\eclipse\plugins\org.eclipse.justj.openjdk.hotspot.jre.full.win32.x86_64_17.0.2.v20220201-1208\jre\bin\verify.dll
0x00007ffe8cd20000 - 0x00007ffe8cd2e000 	C:\Programas\eclipse\eclipse\plugins\org.eclipse.justj.openjdk.hotspot.jre.full.win32.x86_64_17.0.2.v20220201-1208\jre\bin\sunmscapi.dll
0x00007ffe9f790000 - 0x00007ffe9f8f7000 	C:\WINDOWS\System32\CRYPT32.dll
0x00007ffe9ea30000 - 0x00007ffe9ea5e000 	C:\WINDOWS\SYSTEM32\ncrypt.dll
0x00007ffe9e9f0000 - 0x00007ffe9ea27000 	C:\WINDOWS\SYSTEM32\NTASN1.dll

dbghelp: loaded successfully - version: 4.0.5 - missing functions: none
symbol engine: initialized successfully - sym options: 0x614 - pdb path: .;C:\Programas\eclipse\eclipse\plugins\org.eclipse.justj.openjdk.hotspot.jre.full.win32.x86_64_17.0.2.v20220201-1208\jre\bin;C:\WINDOWS\SYSTEM32;C:\WINDOWS\WinSxS\amd64_microsoft.windows.common-controls_6595b64144ccf1df_6.0.22621.1635_none_270f70857386168e;C:\Programas\eclipse\eclipse\plugins\org.eclipse.justj.openjdk.hotspot.jre.full.win32.x86_64_17.0.2.v20220201-1208\jre\bin\server

VM Arguments:
jvm_args: -XX:+ShowCodeDetailsInExceptionMessages -agentlib:jdwp=transport=dt_socket,suspend=y,address=localhost:57492 -Dcom.sun.management.jmxremote -Dcom.sun.management.jmxremote.port=57491 -Dcom.sun.management.jmxremote.authenticate=false -Dcom.sun.management.jmxremote.ssl=false -Djava.rmi.server.hostname=localhost -Dspring.jmx.enabled=true -Dspring.application.admin.enabled=true -XX:TieredStopAtLevel=1 -Dspring.boot.project.name=ProcesarCalendario -javaagent:C:\Programas\eclipse\eclipse\configuration\org.eclipse.osgi\422\0\.cp\lib\javaagent-shaded.jar -Dfile.encoding=UTF-8 
java_command: com.batch.marcas.DemoSpringBatchApplication
java_class_path (initial): C:\Proyectos\eclipse-workspace\ProcesarCalendario\target\classes;C:\Users\pedro\.m2\repository\org\springframework\boot\spring-boot-starter-batch\2.1.3.RELEASE\spring-boot-starter-batch-2.1.3.RELEASE.jar;C:\Users\pedro\.m2\repository\org\springframework\boot\spring-boot-starter\2.1.3.RELEASE\spring-boot-starter-2.1.3.RELEASE.jar;C:\Users\pedro\.m2\repository\org\springframework\boot\spring-boot\2.1.3.RELEASE\spring-boot-2.1.3.RELEASE.jar;C:\Users\pedro\.m2\repository\org\springframework\boot\spring-boot-autoconfigure\2.1.3.RELEASE\spring-boot-autoconfigure-2.1.3.RELEASE.jar;C:\Users\pedro\.m2\repository\org\springframework\boot\spring-boot-starter-logging\2.1.3.RELEASE\spring-boot-starter-logging-2.1.3.RELEASE.jar;C:\Users\pedro\.m2\repository\ch\qos\logback\logback-classic\1.2.3\logback-classic-1.2.3.jar;C:\Users\pedro\.m2\repository\ch\qos\logback\logback-core\1.2.3\logback-core-1.2.3.jar;C:\Users\pedro\.m2\repository\org\apache\logging\log4j\log4j-to-slf4j\2.11.2\log4j-to-slf4j-2.11.2.jar;C:\Users\pedro\.m2\repository\org\apache\logging\log4j\log4j-api\2.11.2\log4j-api-2.11.2.jar;C:\Users\pedro\.m2\repository\org\slf4j\jul-to-slf4j\1.7.25\jul-to-slf4j-1.7.25.jar;C:\Users\pedro\.m2\repository\javax\annotation\javax.annotation-api\1.3.2\javax.annotation-api-1.3.2.jar;C:\Users\pedro\.m2\repository\org\yaml\snakeyaml\1.23\snakeyaml-1.23.jar;C:\Users\pedro\.m2\repository\org\springframework\boot\spring-boot-starter-jdbc\2.1.3.RELEASE\spring-boot-starter-jdbc-2.1.3.RELEASE.jar;C:\Users\pedro\.m2\repository\com\zaxxer\HikariCP\3.2.0\HikariCP-3.2.0.jar;C:\Users\pedro\.m2\repository\org\springframework\batch\spring-batch-core\4.1.1.RELEASE\spring-batch-core-4.1.1.RELEASE.jar;C:\Users\pedro\.m2\repository\com\fasterxml\jackson\core\jackson-databind\2.9.8\jackson-databind-2.9.8.jar;C:\Users\pedro\.m2\repository\com\fasterxml\jackson\core\jackson-annotations\2.9.0\jackson-annotations-2.9.0.jar;C:\Users\pedro\.m2\repository\com\fasterxml\jackson\c
Launcher Type: SUN_STANDARD

[Global flags]
     intx CICompilerCount                          = 4                                         {product} {ergonomic}
     uint ConcGCThreads                            = 2                                         {product} {ergonomic}
     uint G1ConcRefinementThreads                  = 8                                         {product} {ergonomic}
   size_t G1HeapRegionSize                         = 2097152                                   {product} {ergonomic}
    uintx GCDrainStackTargetSize                   = 64                                        {product} {ergonomic}
   size_t InitialHeapSize                          = 266338304                                 {product} {ergonomic}
     bool ManagementServer                         = true                                      {product} {command line}
   size_t MarkStackSize                            = 4194304                                   {product} {ergonomic}
   size_t MaxHeapSize                              = 4242538496                                {product} {ergonomic}
   size_t MaxNewSize                               = 2543845376                                {product} {ergonomic}
   size_t MinHeapDeltaBytes                        = 2097152                                   {product} {ergonomic}
   size_t MinHeapSize                              = 8388608                                   {product} {ergonomic}
    uintx NonProfiledCodeHeapSize                  = 0                                      {pd product} {ergonomic}
     bool ProfileInterpreter                       = false                                  {pd product} {command line}
    uintx ProfiledCodeHeapSize                     = 0                                      {pd product} {ergonomic}
     bool ShowCodeDetailsInExceptionMessages       = true                                   {manageable} {command line}
   size_t SoftMaxHeapSize                          = 4242538496                             {manageable} {ergonomic}
     intx TieredStopAtLevel                        = 1                                         {product} {command line}
     bool UseCompressedClassPointers               = true                           {product lp64_product} {ergonomic}
     bool UseCompressedOops                        = true                           {product lp64_product} {ergonomic}
     bool UseG1GC                                  = true                                      {product} {ergonomic}
     bool UseLargePagesIndividualAllocation        = false                                  {pd product} {ergonomic}

Logging:
Log output configuration:
 #0: stdout all=warning uptime,level,tags
 #1: stderr all=off uptime,level,tags

Environment Variables:
JAVA_HOME=C:\Curso\java\jdk-20
PATH=C:\Programas\eclipse\eclipse\plugins\org.eclipse.justj.openjdk.hotspot.jre.full.win32.x86_64_17.0.2.v20220201-1208\jre\bin;C:/Programas/eclipse/eclipse//plugins/org.eclipse.justj.openjdk.hotspot.jre.full.win32.x86_64_17.0.2.v20220201-1208/jre/bin/server;C:/Programas/eclipse/eclipse//plugins/org.eclipse.justj.openjdk.hotspot.jre.full.win32.x86_64_17.0.2.v20220201-1208/jre/bin;C:\Program Files (x86)\Common Files\Oracle\Java\javapath;C:\WINDOWS\system32;C:\WINDOWS;C:\WINDOWS\System32\Wbem;C:\WINDOWS\System32\WindowsPowerShell\v1.0\;C:\WINDOWS\System32\OpenSSH\;C:\Program Files\nodejs\;C:\Program Files\Docker\Docker\resources\bin;C:\ProgramData\DockerDesktop\version-bin;C:\Programas\gradle-8.1\bin;C:\Program Files\Git\cmd;C:\Program Files\dotnet\;C:\Users\pedro\AppData\Local\Microsoft\WindowsApps;C:\Users\pedro\AppData\Roaming\npm;C:\Users\pedro\AppData\Local\GitHubDesktop\bin;C:\Users\pedro\AppData\Local\Programs\Microsoft VS Code\bin;C:\Curso\java\jdk-20\bin;C:\Users\pedro\.dotnet\tools;C:\Programas\eclipse\eclipse;
USERNAME=pedro
OS=Windows_NT
PROCESSOR_IDENTIFIER=Intel64 Family 6 Model 142 Stepping 12, GenuineIntel



---------------  S Y S T E M  ---------------

OS:
 Windows 11 , 64 bit Build 22621 (10.0.22621.1778)
OS uptime: 1 days 0:31 hours
Hyper-V role detected

CPU: total 8 (initial active 8) (4 cores per cpu, 2 threads per core) family 6 model 142 stepping 12 microcode 0xec, cx8, cmov, fxsr, ht, mmx, 3dnowpref, sse, sse2, sse3, ssse3, sse4.1, sse4.2, popcnt, lzcnt, tsc, tscinvbit, avx, avx2, aes, erms, clmul, bmi1, bmi2, adx, fma, vzeroupper, clflush, clflushopt, hv

Memory: 4k page, system-wide physical 16180M (3017M free)
TotalPageFile size 35636M (AvailPageFile size 14574M)
current process WorkingSet (physical memory assigned to process): 266M, peak: 268M
current process commit charge ("private bytes"): 301M, peak: 366M

vm_info: OpenJDK 64-Bit Server VM (17.0.2+8) for windows-amd64 JRE (17.0.2+8), built on Jan 20 2022 04:52:34 by "" with MS VC++ 16.7 (VS2019)

END.
