#
# A fatal error has been detected by the Java Runtime Environment:
#
#  EXCEPTION_ACCESS_VIOLATION (0xc0000005) at pc=0x00007ffe29cad69a, pid=32620, tid=23308
#
# JRE version: OpenJDK Runtime Environment Temurin-17.0.2+8 (17.0.2+8) (build 17.0.2+8)
# Java VM: OpenJDK 64-Bit Server VM Temurin-17.0.2+8 (17.0.2+8, mixed mode, emulated-client, tiered, compressed oops, compressed class ptrs, g1 gc, windows-amd64)
# Problematic frame:
# V  [jvm.dll+0x79d69a]
#
# No core dump will be written. Minidumps are not enabled by default on client versions of Windows
#
# If you would like to submit a bug report, please visit:
#   https://github.com/adoptium/adoptium-support/issues
#

---------------  S U M M A R Y ------------

Command Line: -XX:+ShowCodeDetailsInExceptionMessages -agentlib:jdwp=transport=dt_socket,suspend=y,address=localhost:58183 -Dcom.sun.management.jmxremote -Dcom.sun.management.jmxremote.port=58182 -Dcom.sun.management.jmxremote.authenticate=false -Dcom.sun.management.jmxremote.ssl=false -Djava.rmi.server.hostname=localhost -Dspring.jmx.enabled=true -Dspring.application.admin.enabled=true -XX:TieredStopAtLevel=1 -Dspring.boot.project.name=ProcesarCalendario -javaagent:C:\Programas\eclipse\eclipse\configuration\org.eclipse.osgi\422\0\.cp\lib\javaagent-shaded.jar -Dfile.encoding=UTF-8 com.batch.marcas.DemoSpringBatchApplication

Host: Intel(R) Core(TM) i7-10510U CPU @ 1.80GHz, 8 cores, 15G,  Windows 11 , 64 bit Build 22621 (10.0.22621.1778)
Time: Fri Jun 16 16:00:59 2023 Hora estándar de Montevideo elapsed time: 544.844749 seconds (0d 0h 9m 4s)

---------------  T H R E A D  ---------------

Current thread (0x000001d4732ca360):  JavaThread "JDWP Transport Listener: dt_socket" daemon [_thread_in_vm, id=23308, stack(0x000000a1fc700000,0x000000a1fc800000)]

Stack: [0x000000a1fc700000,0x000000a1fc800000],  sp=0x000000a1fc7ff1a0,  free space=1020k
Native frames: (J=compiled Java code, j=interpreted, Vv=VM code, C=native code)
V  [jvm.dll+0x79d69a]
V  [jvm.dll+0x50842c]
V  [jvm.dll+0x4cfa94]
C  [jdwp.dll+0x22dff]


siginfo: EXCEPTION_ACCESS_VIOLATION (0xc0000005), reading address 0x0000000000180084


Register to memory mapping:

RIP=0x00007ffe29cad69a jvm.dll
RAX=0x0000000000000081 is an unknown value
RBX=0x000001d4730fdae8 points into unknown readable memory: 0x656c66003b6e6f00 | 00 6f 6e 3b 00 66 6c 65
RCX=0x0000000000180080 is an unknown value
RDX=0x000001d4777fb260 points into unknown readable memory: 0x7461622f6d6f634c | 4c 63 6f 6d 2f 62 61 74
RSP=0x000000a1fc7ff1a0 is pointing into the stack for thread: 0x000001d4732ca360
RBP=0x000001d4732a8080 points into unknown readable memory: 0x0000000000000002 | 02 00 00 00 00 00 00 00
RSI=0x0 is NULL
RDI=0xffffffffffffffff is an unknown value
R8 =0x000000000000016c is an unknown value
R9 =0x0000000000000040 is an unknown value
R10=0x0000000000000140 is an unknown value
R11=0x000000a1fc7ff1c0 is pointing into the stack for thread: 0x000001d4732ca360
R12=0x000000a1fc7ff2f8 is pointing into the stack for thread: 0x000001d4732ca360
R13=0x0 is NULL
R14=0x00000008002adaa0 is a pointer to class: 
com.batch.marcas.processor.ProcesarMarcaItemProcessor {0x00000008002adaa8}
 - instance size:     2
 - klass size:        69
 - access:            public synchronized 
 - state:             fully_initialized
 - name:              'com/batch/marcas/processor/ProcesarMarcaItemProcessor'
 - super:             'java/lang/Object'
 - sub:               
 - arrays:            NULL
 - methods:           Array<T>(0x000001d478d85c40)
 - method ordering:   Array<T>(0x000001d478d86068)
 - default_methods:   Array<T>(0x0000000000000000)
 - local interfaces:  Array<T>(0x000001d476117e60)
 - trans. interfaces: Array<T>(0x000001d476117e60)
 - constants:         constant pool [136] {0x000001d478d86a80} for 'com/batch/marcas/processor/ProcesarMarcaItemProcessor' cache=0x000001d478d86f90
 - class loader data:  loader data: 0x000001d47325b430 for instance a 'jdk/internal/loader/ClassLoaders$AppClassLoader'{0x00000007033b1370}
 - source file:       'ProcesarMarcaItemProcessor.java'
 - source debug extension:       SMAP
ProcesarMarcaItemProcessor.java
Java
*S jdt
*F
1 ProcesarMarcaItemProcessor.java
2 file:/C:/Proyectos/eclipse-workspace/ProcesarCalendario/target/classes/
*L
*E

 - class annotations:       Array<T>(0x0000000000000000)
 - class type annotations:  Array<T>(0x0000000000000000)
 - field annotations:       Array<T>(0x0000000000000000)
 - field type annotations:  Array<T>(0x0000000000000000)
 - previous version:  constant pool [127] {0x000001d4761179a8} for 'com/batch/marcas/processor/ProcesarMarcaItemProcessor' (extra) cache=0x000001d4788464d8
 - generic signature: '
[error occurred during error reporting (printing register info), id 0xc0000005, EXCEPTION_ACCESS_VIOLATION (0xc0000005) at pc=0x00007ffe29cae2a6]

Registers:
RAX=0x0000000000000081, RBX=0x000001d4730fdae8, RCX=0x0000000000180080, RDX=0x000001d4777fb260
RSP=0x000000a1fc7ff1a0, RBP=0x000001d4732a8080, RSI=0x0000000000000000, RDI=0xffffffffffffffff
R8 =0x000000000000016c, R9 =0x0000000000000040, R10=0x0000000000000140, R11=0x000000a1fc7ff1c0
R12=0x000000a1fc7ff2f8, R13=0x0000000000000000, R14=0x00000008002adaa0, R15=0x000000a1fc7ff348
RIP=0x00007ffe29cad69a, EFLAGS=0x0000000000010206

Top of Stack: (sp=0x000000a1fc7ff1a0)
0x000000a1fc7ff1a0:   0000000000000035 00000008002adaa0
0x000000a1fc7ff1b0:   000001d4732ca360 0000000000000000
0x000000a1fc7ff1c0:   ffffffffffffffff 00007ffe29a1842c
0x000000a1fc7ff1d0:   000001d4730fdae8 000001d4730fdab0
0x000000a1fc7ff1e0:   000001d4732a8080 000001d4776bf6c0
0x000000a1fc7ff1f0:   000001d4730fda60 00000000000003d8
0x000000a1fc7ff200:   000001d4730fda70 000001d4730fde48
0x000000a1fc7ff210:   0000000000000002 000000a1fc7ff2f8
0x000000a1fc7ff220:   0000000000000000 0000000000000000
0x000000a1fc7ff230:   0000000704504d08 00007ffe299dfa94
0x000000a1fc7ff240:   000001d4732ca360 000000a1fc7ff348
0x000000a1fc7ff250:   000001d45fbe68a0 000000a1fc7ff348
0x000000a1fc7ff260:   000001d4732ca360 0000000000000000
0x000000a1fc7ff270:   000001d400000000 0000000000000000
0x000000a1fc7ff280:   000000000000000d 00007ffe8a062dff
0x000000a1fc7ff290:   000000a1fc7ff340 00007ffe8a071aa0 

Instructions: (pc=0x00007ffe29cad69a)
0x00007ffe29cad59a:   48 83 c4 20 5f e9 4c 8d 90 ff cc cc cc cc cc cc
0x00007ffe29cad5aa:   cc cc cc cc cc cc 48 89 5c 24 08 57 48 83 ec 20
0x00007ffe29cad5ba:   83 fa 02 8d 42 06 b9 08 00 00 00 49 8b d8 0f 4e
0x00007ffe29cad5ca:   c1 48 63 c8 48 83 c1 07 83 e1 f8 48 63 f9 49 8b
0x00007ffe29cad5da:   48 18 48 8b c7 48 f7 d0 48 3b c1 73 16 4c 8d 05
0x00007ffe29cad5ea:   da 4c 17 00 48 8b d7 48 8b cb e8 57 f0 90 ff 48
0x00007ffe29cad5fa:   8b 4b 18 48 8d 04 39 48 3b 43 20 76 18 45 33 c0
0x00007ffe29cad60a:   48 8b d7 48 8b cb 48 8b 5c 24 30 48 83 c4 20 5f
0x00007ffe29cad61a:   e9 b1 ec 90 ff 48 89 43 18 48 8b c1 48 8b 5c 24
0x00007ffe29cad62a:   30 48 83 c4 20 5f c3 cc cc cc cc cc cc cc cc cc
0x00007ffe29cad63a:   cc cc cc cc cc cc 4c 8b d2 4c 8b d9 45 85 c0 7e
0x00007ffe29cad64a:   3c 44 0f b7 49 04 41 8d 40 ff 41 3b c1 44 0f 4c
0x00007ffe29cad65a:   c8 4d 63 c1 45 85 c9 7e 1f 48 8b c2 4c 2b da 49
0x00007ffe29cad66a:   8b d0 0f 1f 40 00 41 0f b6 4c 03 06 88 08 48 8d
0x00007ffe29cad67a:   40 01 48 83 ea 01 75 ee 43 c6 04 10 00 49 8b c2
0x00007ffe29cad68a:   c3 cc cc cc cc cc 48 89 5c 24 08 57 48 83 ec 20
0x00007ffe29cad69a:   0f b7 59 04 48 8b f9 33 d2 48 8d 4b 01 e8 84 df
0x00007ffe29cad6aa:   f2 ff 0f b7 57 04 4c 8b c0 3b da 0f 42 d3 44 8b
0x00007ffe29cad6ba:   ca 85 d2 74 39 48 2b f8 0f 1f 40 00 66 66 0f 1f
0x00007ffe29cad6ca:   84 00 00 00 00 00 0f b6 4c 07 06 88 08 48 ff c0
0x00007ffe29cad6da:   48 8b c8 49 2b c8 49 3b c9 7c eb 42 c6 04 02 00
0x00007ffe29cad6ea:   49 8b c0 48 8b 5c 24 30 48 83 c4 20 5f c3 48 8b
0x00007ffe29cad6fa:   5c 24 30 c6 04 02 00 48 83 c4 20 5f c3 cc cc cc
0x00007ffe29cad70a:   cc cc cc cc cc cc 4c 8b d1 45 85 c0 7e 6c 44 0f
0x00007ffe29cad71a:   b7 49 04 41 8d 40 ff 41 3b c1 44 0f 4c c8 4d 63
0x00007ffe29cad72a:   d9 45 85 c9 7e 22 48 8b ca 4c 2b d2 4d 8b c3 0f
0x00007ffe29cad73a:   1f 80 00 00 00 00 41 0f b6 44 0a 06 88 01 48 8d
0x00007ffe29cad74a:   49 01 49 83 e8 01 75 ee 41 c6 04 13 00 48 c7 c0
0x00007ffe29cad75a:   ff ff ff ff 66 90 48 ff c0 80 3c 02 00 75 f7 48
0x00007ffe29cad76a:   63 c8 85 c0 48 8b c2 7e 14 80 38 2f 75 03 c6 00
0x00007ffe29cad77a:   2e 48 ff c0 48 83 e9 01 75 ef 48 8b c2 c3 cc cc
0x00007ffe29cad78a:   cc cc cc cc cc cc 48 83 ec 28 e8 f7 fe ff ff 4c 


Stack slot to memory mapping:
stack at sp + 0 slots: 0x0000000000000035 is an unknown value
stack at sp + 1 slots: 0x00000008002adaa0 is a pointer to class: 
com.batch.marcas.processor.ProcesarMarcaItemProcessor {0x00000008002adaa8}
 - instance size:     2
 - klass size:        69
 - access:            public synchronized 
 - state:             fully_initialized
 - name:              'com/batch/marcas/processor/ProcesarMarcaItemProcessor'
 - super:             'java/lang/Object'
 - sub:               
 - arrays:            NULL
 - methods:           Array<T>(0x000001d478d85c40)
 - method ordering:   Array<T>(0x000001d478d86068)
 - default_methods:   Array<T>(0x0000000000000000)
 - local interfaces:  Array<T>(0x000001d476117e60)
 - trans. interfaces: Array<T>(0x000001d476117e60)
 - constants:         constant pool [136] {0x000001d478d86a80} for 'com/batch/marcas/processor/ProcesarMarcaItemProcessor' cache=0x000001d478d86f90
 - class loader data:  loader data: 0x000001d47325b430 for instance a 'jdk/internal/loader/ClassLoaders$AppClassLoader'{0x00000007033b1370}
 - source file:       'ProcesarMarcaItemProcessor.java'
 - source debug extension:       SMAP
ProcesarMarcaItemProcessor.java
Java
*S jdt
*F
1 ProcesarMarcaItemProcessor.java
2 file:/C:/Proyectos/eclipse-workspace/ProcesarCalendario/target/classes/
*L
*E

 - class annotations:       Array<T>(0x0000000000000000)
 - class type annotations:  Array<T>(0x0000000000000000)
 - field annotations:       Array<T>(0x0000000000000000)
 - field type annotations:  Array<T>(0x0000000000000000)
 - previous version:  constant pool [127] {0x000001d4761179a8} for 'com/batch/marcas/processor/ProcesarMarcaItemProcessor' (extra) cache=0x000001d4788464d8
 - generic signature: '
[error occurred during error reporting (inspecting top of stack), id 0xc0000005, EXCEPTION_ACCESS_VIOLATION (0xc0000005) at pc=0x00007ffe29cae2a6]


---------------  P R O C E S S  ---------------

Threads class SMR info:
_java_thread_list=0x000001d477a6aac0, length=23, elements={
0x000001d473040ee0, 0x000001d473041bb0, 0x000001d47305d850, 0x000001d4730a5010,
0x000001d4730a8000, 0x000001d4730a89b0, 0x000001d4730bea90, 0x000001d4730bfbc0,
0x000001d4724699a0, 0x000001d4732ca360, 0x000001d4732cb3f0, 0x000001d4732cec30,
0x000001d473b2d930, 0x000001d473c1e4a0, 0x000001d473c17af0, 0x000001d473c66260,
0x000001d474b0f680, 0x000001d474af3030, 0x000001d474c002b0, 0x000001d47507c420,
0x000001d47507b5b0, 0x000001d47507b0e0, 0x000001d47507e100
}

Java Threads: ( => current thread )
  0x000001d473040ee0 JavaThread "Reference Handler" daemon [_thread_blocked, id=24224, stack(0x000000a1fbc00000,0x000000a1fbd00000)]
  0x000001d473041bb0 JavaThread "Finalizer" daemon [_thread_blocked, id=25496, stack(0x000000a1fbd00000,0x000000a1fbe00000)]
  0x000001d47305d850 JavaThread "Signal Dispatcher" daemon [_thread_blocked, id=22412, stack(0x000000a1fbe00000,0x000000a1fbf00000)]
  0x000001d4730a5010 JavaThread "Attach Listener" daemon [_thread_blocked, id=33452, stack(0x000000a1fbf00000,0x000000a1fc000000)]
  0x000001d4730a8000 JavaThread "Service Thread" daemon [_thread_blocked, id=29188, stack(0x000000a1fc000000,0x000000a1fc100000)]
  0x000001d4730a89b0 JavaThread "Monitor Deflation Thread" daemon [_thread_blocked, id=31276, stack(0x000000a1fc100000,0x000000a1fc200000)]
  0x000001d4730bea90 JavaThread "C1 CompilerThread0" daemon [_thread_blocked, id=14720, stack(0x000000a1fc200000,0x000000a1fc300000)]
  0x000001d4730bfbc0 JavaThread "Sweeper thread" daemon [_thread_blocked, id=25824, stack(0x000000a1fc300000,0x000000a1fc400000)]
  0x000001d4724699a0 JavaThread "Common-Cleaner" daemon [_thread_blocked, id=14616, stack(0x000000a1fc400000,0x000000a1fc500000)]
=>0x000001d4732ca360 JavaThread "JDWP Transport Listener: dt_socket" daemon [_thread_in_vm, id=23308, stack(0x000000a1fc700000,0x000000a1fc800000)]
  0x000001d4732cb3f0 JavaThread "JDWP Event Helper Thread" daemon [_thread_blocked, id=32816, stack(0x000000a1fc800000,0x000000a1fc900000)]
  0x000001d4732cec30 JavaThread "JDWP Command Reader" daemon [_thread_in_native, id=4240, stack(0x000000a1fc900000,0x000000a1fca00000)]
  0x000001d473b2d930 JavaThread "Notification Thread" daemon [_thread_blocked, id=31444, stack(0x000000a1fca00000,0x000000a1fcb00000)]
  0x000001d473c1e4a0 JavaThread "RMI TCP Accept-0" daemon [_thread_in_native, id=8408, stack(0x000000a1fcb00000,0x000000a1fcc00000)]
  0x000001d473c17af0 JavaThread "RMI TCP Accept-58182" daemon [_thread_in_native, id=29952, stack(0x000000a1fcc00000,0x000000a1fcd00000)]
  0x000001d473c66260 JavaThread "RMI TCP Accept-0" daemon [_thread_in_native, id=32296, stack(0x000000a1fcd00000,0x000000a1fce00000)]
  0x000001d474b0f680 JavaThread "RMI Scheduler(0)" daemon [_thread_blocked, id=11780, stack(0x000000a1fd900000,0x000000a1fda00000)]
  0x000001d474af3030 JavaThread "RMI TCP Connection(11)-127.0.0.1" daemon [_thread_in_native, id=12848, stack(0x000000a1fda00000,0x000000a1fdb00000)]
  0x000001d474c002b0 JavaThread "JMX server connection timeout 26" daemon [_thread_blocked, id=15872, stack(0x000000a1fdb00000,0x000000a1fdc00000)]
  0x000001d47507c420 JavaThread "mysql-cj-abandoned-connection-cleanup" daemon [_thread_blocked, id=25604, stack(0x000000a1fdd00000,0x000000a1fde00000)]
  0x000001d47507b5b0 JavaThread "HikariPool-1 housekeeper" daemon [_thread_blocked, id=27624, stack(0x000000a1fdf00000,0x000000a1fe000000)]
  0x000001d47507b0e0 JavaThread "scheduling-1" [_thread_blocked, id=32852, stack(0x000000a1fe100000,0x000000a1fe200000)]
  0x000001d47507e100 JavaThread "DestroyJavaVM" [_thread_blocked, id=21052, stack(0x000000a1fb500000,0x000000a1fb600000)]

Other Threads:
  0x000001d47303a7f0 VMThread "VM Thread" [stack: 0x000000a1fbb00000,0x000000a1fbc00000] [id=1212]
  0x000001d45fcaa940 WatcherThread [stack: 0x000000a1fce00000,0x000000a1fcf00000] [id=21048]
  0x000001d45fc49fd0 GCTaskThread "GC Thread#0" [stack: 0x000000a1fb600000,0x000000a1fb700000] [id=33108]
  0x000001d473c7aad0 GCTaskThread "GC Thread#1" [stack: 0x000000a1fcf00000,0x000000a1fd000000] [id=28164]
  0x000001d473e83790 GCTaskThread "GC Thread#2" [stack: 0x000000a1fd000000,0x000000a1fd100000] [id=33152]
  0x000001d473e83a40 GCTaskThread "GC Thread#3" [stack: 0x000000a1fd100000,0x000000a1fd200000] [id=5192]
  0x000001d473e8c520 GCTaskThread "GC Thread#4" [stack: 0x000000a1fd200000,0x000000a1fd300000] [id=25420]
  0x000001d473e8c7d0 GCTaskThread "GC Thread#5" [stack: 0x000000a1fd300000,0x000000a1fd400000] [id=28820]
  0x000001d473eb6a60 GCTaskThread "GC Thread#6" [stack: 0x000000a1fd400000,0x000000a1fd500000] [id=5004]
  0x000001d473eb7120 GCTaskThread "GC Thread#7" [stack: 0x000000a1fd500000,0x000000a1fd600000] [id=3148]
  0x000001d45fc98fc0 ConcurrentGCThread "G1 Main Marker" [stack: 0x000000a1fb700000,0x000000a1fb800000] [id=17536]
  0x000001d45fc999d0 ConcurrentGCThread "G1 Conc#0" [stack: 0x000000a1fb800000,0x000000a1fb900000] [id=26440]
  0x000001d474a09970 ConcurrentGCThread "G1 Conc#1" [stack: 0x000000a1fdc00000,0x000000a1fdd00000] [id=25548]
  0x000001d45fcbecc0 ConcurrentGCThread "G1 Refine#0" [stack: 0x000000a1fb900000,0x000000a1fba00000] [id=24448]
  0x000001d473e9e740 ConcurrentGCThread "G1 Refine#1" [stack: 0x000000a1fd600000,0x000000a1fd700000] [id=29048]
  0x000001d472333d80 ConcurrentGCThread "G1 Service" [stack: 0x000000a1fba00000,0x000000a1fbb00000] [id=31396]

Threads with active compile tasks:

VM state: not at safepoint (normal execution)

VM Mutex/Monitor currently owned by a thread: None

Heap address: 0x0000000703200000, size: 4046 MB, Compressed Oops mode: Zero based, Oop shift amount: 3

CDS archive(s) not mapped
Compressed class space mapped at: 0x0000000800000000-0x0000000840000000, reserved size: 1073741824
Narrow klass base: 0x0000000800000000, Narrow klass shift: 0, Narrow klass range: 0x40000000

GC Precious Log:
 CPUs: 8 total, 8 available
 Memory: 16180M
 Large Page Support: Disabled
 NUMA Support: Disabled
 Compressed Oops: Enabled (Zero based)
 Heap Region Size: 2M
 Heap Min Capacity: 8M
 Heap Initial Capacity: 254M
 Heap Max Capacity: 4046M
 Pre-touch: Disabled
 Parallel Workers: 8
 Concurrent Workers: 2
 Concurrent Refinement Workers: 8
 Periodic GC: Disabled

Heap:
 garbage-first heap   total 139264K, used 46985K [0x0000000703200000, 0x0000000800000000)
  region size 2048K, 18 young (36864K), 4 survivors (8192K)
 Metaspace       used 58135K, committed 58496K, reserved 1105920K
  class space    used 7685K, committed 7872K, reserved 1048576K

Heap Regions: E=young(eden), S=young(survivor), O=old, HS=humongous(starts), HC=humongous(continues), CS=collection set, F=free, OA=open archive, CA=closed archive, TAMS=top-at-mark-start (previous, next)
|   0|0x0000000703200000, 0x0000000703400000, 0x0000000703400000|100%| O|  |TAMS 0x0000000703400000, 0x0000000703200000| Untracked 
|   1|0x0000000703400000, 0x0000000703600000, 0x0000000703600000|100%| O|  |TAMS 0x0000000703600000, 0x0000000703400000| Untracked 
|   2|0x0000000703600000, 0x0000000703800000, 0x0000000703800000|100%| O|  |TAMS 0x0000000703600000, 0x0000000703600000| Untracked 
|   3|0x0000000703800000, 0x0000000703a00000, 0x0000000703a00000|100%| O|  |TAMS 0x0000000703a00000, 0x0000000703800000| Untracked 
|   4|0x0000000703a00000, 0x0000000703a00000, 0x0000000703c00000|  0%| F|  |TAMS 0x0000000703a00000, 0x0000000703a00000| Untracked 
|   5|0x0000000703c00000, 0x0000000703c00000, 0x0000000703e00000|  0%| F|  |TAMS 0x0000000703c00000, 0x0000000703c00000| Untracked 
|   6|0x0000000703e00000, 0x0000000703e00000, 0x0000000704000000|  0%| F|  |TAMS 0x0000000703e00000, 0x0000000703e00000| Untracked 
|   7|0x0000000704000000, 0x0000000704000000, 0x0000000704200000|  0%| F|  |TAMS 0x0000000704000000, 0x0000000704000000| Untracked 
|   8|0x0000000704200000, 0x0000000704200000, 0x0000000704400000|  0%| F|  |TAMS 0x0000000704200000, 0x0000000704200000| Untracked 
|   9|0x0000000704400000, 0x0000000704600000, 0x0000000704600000|100%| O|  |TAMS 0x0000000704400000, 0x0000000704400000| Untracked 
|  10|0x0000000704600000, 0x0000000704800000, 0x0000000704800000|100%| O|  |TAMS 0x0000000704600000, 0x0000000704600000| Untracked 
|  11|0x0000000704800000, 0x00000007049ac200, 0x0000000704a00000| 83%| O|  |TAMS 0x0000000704800000, 0x0000000704800000| Untracked 
|  12|0x0000000704a00000, 0x0000000704a00000, 0x0000000704c00000|  0%| F|  |TAMS 0x0000000704a00000, 0x0000000704a00000| Untracked 
|  13|0x0000000704c00000, 0x0000000704c00000, 0x0000000704e00000|  0%| F|  |TAMS 0x0000000704c00000, 0x0000000704c00000| Untracked 
|  14|0x0000000704e00000, 0x0000000704e00000, 0x0000000705000000|  0%| F|  |TAMS 0x0000000704e00000, 0x0000000704e00000| Untracked 
|  15|0x0000000705000000, 0x0000000705000000, 0x0000000705200000|  0%| F|  |TAMS 0x0000000705000000, 0x0000000705000000| Untracked 
|  16|0x0000000705200000, 0x0000000705200000, 0x0000000705400000|  0%| F|  |TAMS 0x0000000705200000, 0x0000000705200000| Untracked 
|  17|0x0000000705400000, 0x0000000705400000, 0x0000000705600000|  0%| F|  |TAMS 0x0000000705400000, 0x0000000705400000| Untracked 
|  18|0x0000000705600000, 0x0000000705600000, 0x0000000705800000|  0%| F|  |TAMS 0x0000000705600000, 0x0000000705600000| Untracked 
|  19|0x0000000705800000, 0x0000000705800000, 0x0000000705a00000|  0%| F|  |TAMS 0x0000000705800000, 0x0000000705800000| Untracked 
|  20|0x0000000705a00000, 0x0000000705a00000, 0x0000000705c00000|  0%| F|  |TAMS 0x0000000705a00000, 0x0000000705a00000| Untracked 
|  21|0x0000000705c00000, 0x0000000705c00000, 0x0000000705e00000|  0%| F|  |TAMS 0x0000000705c00000, 0x0000000705c00000| Untracked 
|  22|0x0000000705e00000, 0x0000000705e00000, 0x0000000706000000|  0%| F|  |TAMS 0x0000000705e00000, 0x0000000705e00000| Untracked 
|  23|0x0000000706000000, 0x0000000706000000, 0x0000000706200000|  0%| F|  |TAMS 0x0000000706000000, 0x0000000706000000| Untracked 
|  24|0x0000000706200000, 0x00000007062362b8, 0x0000000706400000| 10%| S|CS|TAMS 0x0000000706200000, 0x0000000706200000| Complete 
|  25|0x0000000706400000, 0x0000000706600000, 0x0000000706600000|100%| S|CS|TAMS 0x0000000706400000, 0x0000000706400000| Complete 
|  26|0x0000000706600000, 0x0000000706800000, 0x0000000706800000|100%| S|CS|TAMS 0x0000000706600000, 0x0000000706600000| Complete 
|  27|0x0000000706800000, 0x0000000706a00000, 0x0000000706a00000|100%| S|CS|TAMS 0x0000000706800000, 0x0000000706800000| Complete 
|  28|0x0000000706a00000, 0x0000000706a00000, 0x0000000706c00000|  0%| F|  |TAMS 0x0000000706a00000, 0x0000000706a00000| Untracked 
|  29|0x0000000706c00000, 0x0000000706c00000, 0x0000000706e00000|  0%| F|  |TAMS 0x0000000706c00000, 0x0000000706c00000| Untracked 
|  30|0x0000000706e00000, 0x0000000706e00000, 0x0000000707000000|  0%| F|  |TAMS 0x0000000706e00000, 0x0000000706e00000| Untracked 
|  31|0x0000000707000000, 0x0000000707000000, 0x0000000707200000|  0%| F|  |TAMS 0x0000000707000000, 0x0000000707000000| Untracked 
|  32|0x0000000707200000, 0x0000000707200000, 0x0000000707400000|  0%| F|  |TAMS 0x0000000707200000, 0x0000000707200000| Untracked 
|  33|0x0000000707400000, 0x0000000707400000, 0x0000000707600000|  0%| F|  |TAMS 0x0000000707400000, 0x0000000707400000| Untracked 
|  34|0x0000000707600000, 0x0000000707600000, 0x0000000707800000|  0%| F|  |TAMS 0x0000000707600000, 0x0000000707600000| Untracked 
|  35|0x0000000707800000, 0x0000000707800000, 0x0000000707a00000|  0%| F|  |TAMS 0x0000000707800000, 0x0000000707800000| Untracked 
|  36|0x0000000707a00000, 0x0000000707a00000, 0x0000000707c00000|  0%| F|  |TAMS 0x0000000707a00000, 0x0000000707a00000| Untracked 
|  37|0x0000000707c00000, 0x0000000707c00000, 0x0000000707e00000|  0%| F|  |TAMS 0x0000000707c00000, 0x0000000707c00000| Untracked 
|  38|0x0000000707e00000, 0x0000000707e00000, 0x0000000708000000|  0%| F|  |TAMS 0x0000000707e00000, 0x0000000707e00000| Untracked 
|  39|0x0000000708000000, 0x0000000708000000, 0x0000000708200000|  0%| F|  |TAMS 0x0000000708000000, 0x0000000708000000| Untracked 
|  40|0x0000000708200000, 0x0000000708200000, 0x0000000708400000|  0%| F|  |TAMS 0x0000000708200000, 0x0000000708200000| Untracked 
|  41|0x0000000708400000, 0x0000000708400000, 0x0000000708600000|  0%| F|  |TAMS 0x0000000708400000, 0x0000000708400000| Untracked 
|  42|0x0000000708600000, 0x0000000708600000, 0x0000000708800000|  0%| F|  |TAMS 0x0000000708600000, 0x0000000708600000| Untracked 
|  43|0x0000000708800000, 0x0000000708800000, 0x0000000708a00000|  0%| F|  |TAMS 0x0000000708800000, 0x0000000708800000| Untracked 
|  44|0x0000000708a00000, 0x0000000708a00000, 0x0000000708c00000|  0%| F|  |TAMS 0x0000000708a00000, 0x0000000708a00000| Untracked 
|  45|0x0000000708c00000, 0x0000000708c00000, 0x0000000708e00000|  0%| F|  |TAMS 0x0000000708c00000, 0x0000000708c00000| Untracked 
|  46|0x0000000708e00000, 0x0000000708e00000, 0x0000000709000000|  0%| F|  |TAMS 0x0000000708e00000, 0x0000000708e00000| Untracked 
|  47|0x0000000709000000, 0x0000000709000000, 0x0000000709200000|  0%| F|  |TAMS 0x0000000709000000, 0x0000000709000000| Untracked 
|  48|0x0000000709200000, 0x0000000709200000, 0x0000000709400000|  0%| F|  |TAMS 0x0000000709200000, 0x0000000709200000| Untracked 
|  49|0x0000000709400000, 0x0000000709400000, 0x0000000709600000|  0%| F|  |TAMS 0x0000000709400000, 0x0000000709400000| Untracked 
|  50|0x0000000709600000, 0x0000000709600000, 0x0000000709800000|  0%| F|  |TAMS 0x0000000709600000, 0x0000000709600000| Untracked 
|  51|0x0000000709800000, 0x0000000709800000, 0x0000000709a00000|  0%| F|  |TAMS 0x0000000709800000, 0x0000000709800000| Untracked 
|  52|0x0000000709a00000, 0x0000000709a00000, 0x0000000709c00000|  0%| F|  |TAMS 0x0000000709a00000, 0x0000000709a00000| Untracked 
|  53|0x0000000709c00000, 0x0000000709c00000, 0x0000000709e00000|  0%| F|  |TAMS 0x0000000709c00000, 0x0000000709c00000| Untracked 
|  54|0x0000000709e00000, 0x0000000709f9a4b0, 0x000000070a000000| 80%| E|  |TAMS 0x0000000709e00000, 0x0000000709e00000| Complete 
|  55|0x000000070a000000, 0x000000070a200000, 0x000000070a200000|100%| E|CS|TAMS 0x000000070a000000, 0x000000070a000000| Complete 
|  56|0x000000070a200000, 0x000000070a400000, 0x000000070a400000|100%| E|CS|TAMS 0x000000070a200000, 0x000000070a200000| Complete 
|  57|0x000000070a400000, 0x000000070a600000, 0x000000070a600000|100%| E|CS|TAMS 0x000000070a400000, 0x000000070a400000| Complete 
|  58|0x000000070a600000, 0x000000070a800000, 0x000000070a800000|100%| E|CS|TAMS 0x000000070a600000, 0x000000070a600000| Complete 
|  59|0x000000070a800000, 0x000000070aa00000, 0x000000070aa00000|100%| E|CS|TAMS 0x000000070a800000, 0x000000070a800000| Complete 
|  60|0x000000070aa00000, 0x000000070ac00000, 0x000000070ac00000|100%| E|CS|TAMS 0x000000070aa00000, 0x000000070aa00000| Complete 
|  61|0x000000070ac00000, 0x000000070ae00000, 0x000000070ae00000|100%| E|CS|TAMS 0x000000070ac00000, 0x000000070ac00000| Complete 
|  62|0x000000070ae00000, 0x000000070b000000, 0x000000070b000000|100%| E|CS|TAMS 0x000000070ae00000, 0x000000070ae00000| Complete 
|  63|0x000000070b000000, 0x000000070b200000, 0x000000070b200000|100%| E|CS|TAMS 0x000000070b000000, 0x000000070b000000| Complete 
|  64|0x000000070b200000, 0x000000070b400000, 0x000000070b400000|100%| E|CS|TAMS 0x000000070b200000, 0x000000070b200000| Complete 
|  65|0x000000070b400000, 0x000000070b600000, 0x000000070b600000|100%| E|CS|TAMS 0x000000070b400000, 0x000000070b400000| Complete 
| 112|0x0000000711200000, 0x0000000711400000, 0x0000000711400000|100%| E|CS|TAMS 0x0000000711200000, 0x0000000711200000| Complete 
| 126|0x0000000712e00000, 0x0000000713000000, 0x0000000713000000|100%| E|CS|TAMS 0x0000000712e00000, 0x0000000712e00000| Complete 

Card table byte_map: [0x000001d466ba0000,0x000001d467390000] _byte_map_base: 0x000001d463387000

Marking Bits (Prev, Next): (CMBitMap*) 0x000001d45fc4a5e0, (CMBitMap*) 0x000001d45fc4a620
 Prev Bits: [0x000001d467b80000, 0x000001d46bab8000)
 Next Bits: [0x000001d46bac0000, 0x000001d46f9f8000)

Polling page: 0x000001d45db80000

Metaspace:

Usage:
  Non-class:     49.27 MB used.
      Class:      7.51 MB used.
       Both:     56.77 MB used.

Virtual space:
  Non-class space:       56.00 MB reserved,      49.44 MB ( 88%) committed,  7 nodes.
      Class space:        1.00 GB reserved,       7.69 MB ( <1%) committed,  1 nodes.
             Both:        1.05 GB reserved,      57.12 MB (  5%) committed. 

Chunk freelists:
   Non-Class:  2.46 MB
       Class:  224.00 KB
        Both:  2.68 MB

MaxMetaspaceSize: unlimited
CompressedClassSpaceSize: 1.00 GB
Initial GC threshold: 21.00 MB
Current GC threshold: 59.00 MB
CDS: off
MetaspaceReclaimPolicy: balanced
 - commit_granule_bytes: 65536.
 - commit_granule_words: 8192.
 - virtual_space_node_default_size: 1048576.
 - enlarge_chunks_in_place: 1.
 - new_chunks_are_fully_committed: 0.
 - uncommit_free_chunks: 1.
 - use_allocation_guard: 0.
 - handle_deallocations: 1.


Internal statistics:

num_allocs_failed_limit: 6.
num_arena_births: 398.
num_arena_deaths: 0.
num_vsnodes_births: 8.
num_vsnodes_deaths: 0.
num_space_committed: 914.
num_space_uncommitted: 0.
num_chunks_returned_to_freelist: 6.
num_chunks_taken_from_freelist: 1994.
num_chunk_merges: 3.
num_chunk_splits: 1439.
num_chunks_enlarged: 1158.
num_purges: 0.
num_inconsistent_stats: 0.

CodeCache: size=49152Kb used=11045Kb max_used=12024Kb free=38106Kb
 bounds [0x000001d4632a0000, 0x000001d463e60000, 0x000001d4662a0000]
 total_blobs=6061 nmethods=5417 adapters=569
 compilation: enabled
              stopped_count=0, restarted_count=0
 full_count=0

Compilation events (20 events):
Event: 344.695 Thread 0x000001d477ad9c70 nmethod 5411 0x000001d46343e990 code [0x000001d46343eb40, 0x000001d46343ecd8]
Event: 344.695 Thread 0x000001d4730bea90 nmethod 5407 0x000001d46343e210 code [0x000001d46343e400, 0x000001d46343e7a8]
Event: 344.695 Thread 0x000001d4730bea90 5412       1       com.mysql.cj.protocol.a.AbstractValueEncoder::getBytes (21 bytes)
Event: 344.695 Thread 0x000001d477ad9c70 5408       1       org.hibernate.engine.jdbc.internal.JdbcCoordinatorImpl::getJdbcSessionOwner (5 bytes)
Event: 344.695 Thread 0x000001d477ad9c70 nmethod 5408 0x000001d46343df10 code [0x000001d46343e0a0, 0x000001d46343e178]
Event: 344.695 Thread 0x000001d477ad9c70 5413       1       org.hibernate.internal.AbstractSharedSessionContract::getHibernateFlushMode (5 bytes)
Event: 344.695 Thread 0x000001d4730bea90 nmethod 5412 0x000001d46343da90 code [0x000001d46343dc40, 0x000001d46343ddf8]
Event: 344.695 Thread 0x000001d477ad9c70 nmethod 5413 0x000001d46343d790 code [0x000001d46343d920, 0x000001d46343d9f8]
Event: 344.695 Thread 0x000001d4730bea90 5410       1       org.hibernate.internal.JdbcSessionContextImpl::getObserver (5 bytes)
Event: 344.695 Thread 0x000001d477ad9c70 5409       1       com.mysql.cj.AbstractQuery::getTimeoutInMillis (5 bytes)
Event: 344.695 Thread 0x000001d4730bea90 nmethod 5410 0x000001d46343d490 code [0x000001d46343d620, 0x000001d46343d6f8]
Event: 344.695 Thread 0x000001d4730bea90 5414       1       org.hibernate.internal.AbstractSharedSessionContract::getEventListenerManager (5 bytes)
Event: 344.695 Thread 0x000001d477ad9c70 nmethod 5409 0x000001d46343d190 code [0x000001d46343d320, 0x000001d46343d3f8]
Event: 344.696 Thread 0x000001d477ad9c70 5415       1       org.hibernate.internal.AbstractSharedSessionContract::getInterceptor (5 bytes)
Event: 344.696 Thread 0x000001d4730bea90 nmethod 5414 0x000001d46343ce90 code [0x000001d46343d020, 0x000001d46343d0f8]
Event: 344.696 Thread 0x000001d477ad9c70 nmethod 5415 0x000001d46343cb90 code [0x000001d46343cd20, 0x000001d46343cdf8]
Event: 421.092 Thread 0x000001d4730bea90 5416       1       java.io.ObjectInputStream$BlockDataInputStream::setBlockDataMode (74 bytes)
Event: 421.093 Thread 0x000001d4730bea90 nmethod 5416 0x000001d46343c710 code [0x000001d46343c8c0, 0x000001d46343cac8]
Event: 481.095 Thread 0x000001d4730bea90 5417       1       java.net.Socket::isConnected (5 bytes)
Event: 481.096 Thread 0x000001d4730bea90 nmethod 5417 0x000001d46343c410 code [0x000001d46343c5a0, 0x000001d46343c678]

GC Heap History (20 events):
Event: 1.257 GC heap before
{Heap before GC invocations=4 (full 0):
 garbage-first heap   total 40960K, used 26365K [0x0000000703200000, 0x0000000800000000)
  region size 2048K, 13 young (26624K), 2 survivors (4096K)
 Metaspace       used 22753K, committed 22976K, reserved 1073152K
  class space    used 2586K, committed 2688K, reserved 1048576K
}
Event: 1.260 GC heap after
{Heap after GC invocations=5 (full 0):
 garbage-first heap   total 40960K, used 8861K [0x0000000703200000, 0x0000000800000000)
  region size 2048K, 2 young (4096K), 2 survivors (4096K)
 Metaspace       used 22753K, committed 22976K, reserved 1073152K
  class space    used 2586K, committed 2688K, reserved 1048576K
}
Event: 1.273 GC heap before
{Heap before GC invocations=5 (full 0):
 garbage-first heap   total 40960K, used 10909K [0x0000000703200000, 0x0000000800000000)
  region size 2048K, 3 young (6144K), 2 survivors (4096K)
 Metaspace       used 22839K, committed 23040K, reserved 1073152K
  class space    used 2597K, committed 2688K, reserved 1048576K
}
Event: 1.277 GC heap after
{Heap after GC invocations=6 (full 0):
 garbage-first heap   total 40960K, used 8912K [0x0000000703200000, 0x0000000800000000)
  region size 2048K, 1 young (2048K), 1 survivors (2048K)
 Metaspace       used 22839K, committed 23040K, reserved 1073152K
  class space    used 2597K, committed 2688K, reserved 1048576K
}
Event: 1.399 GC heap before
{Heap before GC invocations=6 (full 0):
 garbage-first heap   total 40960K, used 27344K [0x0000000703200000, 0x0000000800000000)
  region size 2048K, 10 young (20480K), 1 survivors (2048K)
 Metaspace       used 23757K, committed 24000K, reserved 1073152K
  class space    used 2751K, committed 2880K, reserved 1048576K
}
Event: 1.402 GC heap after
{Heap after GC invocations=7 (full 0):
 garbage-first heap   total 151552K, used 9638K [0x0000000703200000, 0x0000000800000000)
  region size 2048K, 1 young (2048K), 1 survivors (2048K)
 Metaspace       used 23757K, committed 24000K, reserved 1073152K
  class space    used 2751K, committed 2880K, reserved 1048576K
}
Event: 2.089 GC heap before
{Heap before GC invocations=7 (full 0):
 garbage-first heap   total 151552K, used 97702K [0x0000000703200000, 0x0000000800000000)
  region size 2048K, 44 young (90112K), 1 survivors (2048K)
 Metaspace       used 33945K, committed 34240K, reserved 1081344K
  class space    used 4082K, committed 4224K, reserved 1048576K
}
Event: 2.095 GC heap after
{Heap after GC invocations=8 (full 0):
 garbage-first heap   total 151552K, used 13525K [0x0000000703200000, 0x0000000800000000)
  region size 2048K, 3 young (6144K), 3 survivors (6144K)
 Metaspace       used 33945K, committed 34240K, reserved 1081344K
  class space    used 4082K, committed 4224K, reserved 1048576K
}
Event: 2.212 GC heap before
{Heap before GC invocations=8 (full 0):
 garbage-first heap   total 151552K, used 40149K [0x0000000703200000, 0x0000000800000000)
  region size 2048K, 17 young (34816K), 3 survivors (6144K)
 Metaspace       used 35894K, committed 36096K, reserved 1081344K
  class space    used 4393K, committed 4480K, reserved 1048576K
}
Event: 2.218 GC heap after
{Heap after GC invocations=9 (full 0):
 garbage-first heap   total 151552K, used 14654K [0x0000000703200000, 0x0000000800000000)
  region size 2048K, 4 young (8192K), 4 survivors (8192K)
 Metaspace       used 35894K, committed 36096K, reserved 1081344K
  class space    used 4393K, committed 4480K, reserved 1048576K
}
Event: 2.464 GC heap before
{Heap before GC invocations=10 (full 0):
 garbage-first heap   total 69632K, used 55614K [0x0000000703200000, 0x0000000800000000)
  region size 2048K, 25 young (51200K), 4 survivors (8192K)
 Metaspace       used 39529K, committed 39808K, reserved 1089536K
  class space    used 5069K, committed 5248K, reserved 1048576K
}
Event: 2.471 GC heap after
{Heap after GC invocations=11 (full 0):
 garbage-first heap   total 69632K, used 15675K [0x0000000703200000, 0x0000000800000000)
  region size 2048K, 4 young (8192K), 4 survivors (8192K)
 Metaspace       used 39529K, committed 39808K, reserved 1089536K
  class space    used 5069K, committed 5248K, reserved 1048576K
}
Event: 2.482 GC heap before
{Heap before GC invocations=11 (full 0):
 garbage-first heap   total 69632K, used 17723K [0x0000000703200000, 0x0000000800000000)
  region size 2048K, 5 young (10240K), 4 survivors (8192K)
 Metaspace       used 39702K, committed 40000K, reserved 1089536K
  class space    used 5090K, committed 5248K, reserved 1048576K
}
Event: 2.488 GC heap after
{Heap after GC invocations=12 (full 0):
 garbage-first heap   total 69632K, used 15260K [0x0000000703200000, 0x0000000800000000)
  region size 2048K, 1 young (2048K), 1 survivors (2048K)
 Metaspace       used 39702K, committed 40000K, reserved 1089536K
  class space    used 5090K, committed 5248K, reserved 1048576K
}
Event: 2.734 GC heap before
{Heap before GC invocations=12 (full 0):
 garbage-first heap   total 69632K, used 54172K [0x0000000703200000, 0x0000000800000000)
  region size 2048K, 20 young (40960K), 1 survivors (2048K)
 Metaspace       used 43308K, committed 43584K, reserved 1089536K
  class space    used 5592K, committed 5760K, reserved 1048576K
}
Event: 2.738 GC heap after
{Heap after GC invocations=13 (full 0):
 garbage-first heap   total 139264K, used 16272K [0x0000000703200000, 0x0000000800000000)
  region size 2048K, 2 young (4096K), 2 survivors (4096K)
 Metaspace       used 43308K, committed 43584K, reserved 1089536K
  class space    used 5592K, committed 5760K, reserved 1048576K
}
Event: 3.337 GC heap before
{Heap before GC invocations=13 (full 0):
 garbage-first heap   total 139264K, used 94096K [0x0000000703200000, 0x0000000800000000)
  region size 2048K, 40 young (81920K), 2 survivors (4096K)
 Metaspace       used 49676K, committed 49920K, reserved 1097728K
  class space    used 6584K, committed 6720K, reserved 1048576K
}
Event: 3.343 GC heap after
{Heap after GC invocations=14 (full 0):
 garbage-first heap   total 139264K, used 17941K [0x0000000703200000, 0x0000000800000000)
  region size 2048K, 2 young (4096K), 2 survivors (4096K)
 Metaspace       used 49676K, committed 49920K, reserved 1097728K
  class space    used 6584K, committed 6720K, reserved 1048576K
}
Event: 3.773 GC heap before
{Heap before GC invocations=14 (full 0):
 garbage-first heap   total 139264K, used 95765K [0x0000000703200000, 0x0000000800000000)
  region size 2048K, 40 young (81920K), 2 survivors (4096K)
 Metaspace       used 56035K, committed 56384K, reserved 1097728K
  class space    used 7419K, committed 7616K, reserved 1048576K
}
Event: 3.778 GC heap after
{Heap after GC invocations=15 (full 0):
 garbage-first heap   total 139264K, used 20361K [0x0000000703200000, 0x0000000800000000)
  region size 2048K, 4 young (8192K), 4 survivors (8192K)
 Metaspace       used 56035K, committed 56384K, reserved 1097728K
  class space    used 7419K, committed 7616K, reserved 1048576K
}

Deoptimization events (20 events):
Event: 244.578 Thread 0x000001d47507b0e0 DEOPT PACKING pc=0x000001d4636764dc sp=0x000000a1fe1f93f0
Event: 244.578 Thread 0x000001d47507b0e0 DEOPT UNPACKING pc=0x000001d4632f2b43 sp=0x000000a1fe1f88e0 mode 1
Event: 244.578 Thread 0x000001d47507b0e0 DEOPT PACKING pc=0x000001d463764264 sp=0x000000a1fe1f8930
Event: 244.578 Thread 0x000001d47507b0e0 DEOPT UNPACKING pc=0x000001d4632f2b43 sp=0x000000a1fe1f7dc8 mode 1
Event: 244.578 Thread 0x000001d47507b0e0 DEOPT PACKING pc=0x000001d4637567fc sp=0x000000a1fe1f8a00
Event: 244.578 Thread 0x000001d47507b0e0 DEOPT UNPACKING pc=0x000001d4632f2b43 sp=0x000000a1fe1f7eb8 mode 1
Event: 244.578 Thread 0x000001d47507b0e0 DEOPT PACKING pc=0x000001d4636764dc sp=0x000000a1fe1f93f0
Event: 244.578 Thread 0x000001d47507b0e0 DEOPT UNPACKING pc=0x000001d4632f2b43 sp=0x000000a1fe1f88e0 mode 1
Event: 244.618 Thread 0x000001d47507b0e0 DEOPT PACKING pc=0x000001d463a3d934 sp=0x000000a1fe1fe130
Event: 244.618 Thread 0x000001d47507b0e0 DEOPT UNPACKING pc=0x000001d4632f2b43 sp=0x000000a1fe1fd658 mode 0
Event: 244.618 Thread 0x000001d47507b0e0 DEOPT PACKING pc=0x000001d463966704 sp=0x000000a1fe1fe210
Event: 244.618 Thread 0x000001d47507b0e0 DEOPT UNPACKING pc=0x000001d4632f2b43 sp=0x000000a1fe1fd6b0 mode 0
Event: 244.618 Thread 0x000001d47507b0e0 DEOPT PACKING pc=0x000001d46396938c sp=0x000000a1fe1fe260
Event: 244.618 Thread 0x000001d47507b0e0 DEOPT UNPACKING pc=0x000001d4632f2b43 sp=0x000000a1fe1fd750 mode 0
Event: 244.618 Thread 0x000001d47507b0e0 DEOPT PACKING pc=0x000001d463a3d934 sp=0x000000a1fe1feef0
Event: 244.618 Thread 0x000001d47507b0e0 DEOPT UNPACKING pc=0x000001d4632f2b43 sp=0x000000a1fe1fe418 mode 0
Event: 244.618 Thread 0x000001d47507b0e0 DEOPT PACKING pc=0x000001d463966704 sp=0x000000a1fe1fefd0
Event: 244.618 Thread 0x000001d47507b0e0 DEOPT UNPACKING pc=0x000001d4632f2b43 sp=0x000000a1fe1fe470 mode 0
Event: 244.618 Thread 0x000001d47507b0e0 DEOPT PACKING pc=0x000001d46396938c sp=0x000000a1fe1ff020
Event: 244.618 Thread 0x000001d47507b0e0 DEOPT UNPACKING pc=0x000001d4632f2b43 sp=0x000000a1fe1fe510 mode 0

Classes unloaded (0 events):
No events

Classes redefined (1 events):
Event: 544.641 Thread 0x000001d47303a7f0 redefined class name=com.batch.marcas.processor.ProcesarMarcaItemProcessor, count=1

Internal exceptions (20 events):
Event: 3.302 Thread 0x000001d45fbf7190 Exception <a 'java/lang/NoSuchMethodError'{0x0000000707249ef0}: 'void java.lang.invoke.DirectMethodHandle$Holder.invokeStaticInit(java.lang.Object, int, java.lang.Object)'> (0x0000000707249ef0) 
thrown [e:\jenkins\tmp\workspace\build\src\src\hotspot\share\interpreter\linkResolver.cpp, line 766]
Event: 3.303 Thread 0x000001d45fbf7190 Exception <a 'java/lang/NoSuchMethodError'{0x0000000707277ae8}: 'java.lang.Object java.lang.invoke.DirectMethodHandle$Holder.invokeInterface(java.lang.Object, java.lang.Object, java.lang.Object)'> (0x0000000707277ae8) 
thrown [e:\jenkins\tmp\workspace\build\src\src\hotspot\share\interpreter\linkResolver.cpp, line 766]
Event: 3.353 Thread 0x000001d45fbf7190 Exception <a 'java/lang/ClassNotFoundException'{0x0000000712f64910}: java/lang/ObjectCustomizer> (0x0000000712f64910) 
thrown [e:\jenkins\tmp\workspace\build\src\src\hotspot\share\classfile\systemDictionary.cpp, line 256]
Event: 3.353 Thread 0x000001d45fbf7190 Exception <a 'java/lang/ClassNotFoundException'{0x0000000712f6b418}: com/batch/marcas/model/EmpleadoCustomizer> (0x0000000712f6b418) 
thrown [e:\jenkins\tmp\workspace\build\src\src\hotspot\share\classfile\systemDictionary.cpp, line 256]
Event: 3.364 Thread 0x000001d45fbf7190 Exception <a 'java/lang/NoSuchMethodError'{0x00000007112acef8}: 'int java.lang.invoke.DirectMethodHandle$Holder.invokeVirtual(java.lang.Object, java.lang.Object)'> (0x00000007112acef8) 
thrown [e:\jenkins\tmp\workspace\build\src\src\hotspot\share\interpreter\linkResolver.cpp, line 766]
Event: 3.366 Thread 0x000001d45fbf7190 Exception <a 'java/lang/NoSuchMethodError'{0x00000007112f6a18}: 'int java.lang.invoke.DirectMethodHandle$Holder.invokeVirtual(java.lang.Object, java.lang.Object, java.lang.Object)'> (0x00000007112f6a18) 
thrown [e:\jenkins\tmp\workspace\build\src\src\hotspot\share\interpreter\linkResolver.cpp, line 766]
Event: 3.380 Thread 0x000001d45fbf7190 Exception <a 'java/lang/NoSuchMethodError'{0x000000070b4844e8}: 'java.lang.Object java.lang.invoke.DirectMethodHandle$Holder.invokeSpecialIFC(java.lang.Object, java.lang.Object, java.lang.Object)'> (0x000000070b4844e8) 
thrown [e:\jenkins\tmp\workspace\build\src\src\hotspot\share\interpreter\linkResolver.cpp, line 766]
Event: 3.384 Thread 0x000001d45fbf7190 Exception <a 'java/lang/IncompatibleClassChangeError'{0x000000070b558010}: Found class java.lang.Object, but interface was expected> (0x000000070b558010) 
thrown [e:\jenkins\tmp\workspace\build\src\src\hotspot\share\interpreter\linkResolver.cpp, line 833]
Event: 3.428 Thread 0x000001d45fbf7190 Exception <a 'java/lang/reflect/InvocationTargetException'{0x000000070afafda8}> (0x000000070afafda8) 
thrown [e:\jenkins\tmp\workspace\build\src\src\hotspot\share\runtime\reflection.cpp, line 1121]
Event: 3.436 Thread 0x000001d45fbf7190 Exception <a 'java/lang/NoSuchMethodError'{0x000000070ac89630}: 'int java.lang.invoke.DirectMethodHandle$Holder.invokeStatic(java.lang.Object, java.lang.Object, int)'> (0x000000070ac89630) 
thrown [e:\jenkins\tmp\workspace\build\src\src\hotspot\share\interpreter\linkResolver.cpp, line 766]
Event: 3.438 Thread 0x000001d45fbf7190 Exception <a 'java/lang/NoSuchMethodError'{0x000000070acb8888}: 'java.lang.Object java.lang.invoke.DirectMethodHandle$Holder.invokeStatic(java.lang.Object, java.lang.Object, int, java.lang.Object)'> (0x000000070acb8888) 
thrown [e:\jenkins\tmp\workspace\build\src\src\hotspot\share\interpreter\linkResolver.cpp, line 766]
Event: 3.438 Thread 0x000001d45fbf7190 Exception <a 'java/lang/NoSuchMethodError'{0x000000070acc0148}: 'java.lang.Object java.lang.invoke.DirectMethodHandle$Holder.newInvokeSpecial(java.lang.Object, java.lang.Object, int)'> (0x000000070acc0148) 
thrown [e:\jenkins\tmp\workspace\build\src\src\hotspot\share\interpreter\linkResolver.cpp, line 766]
Event: 3.487 Thread 0x000001d45fbf7190 Exception <a 'java/lang/ClassNotFoundException'{0x000000070a748b28}: java/lang/ObjectCustomizer> (0x000000070a748b28) 
thrown [e:\jenkins\tmp\workspace\build\src\src\hotspot\share\classfile\systemDictionary.cpp, line 256]
Event: 3.487 Thread 0x000001d45fbf7190 Exception <a 'java/lang/ClassNotFoundException'{0x000000070a74f770}: com/batch/marcas/model/CalendarioEmpleadoCustomizer> (0x000000070a74f770) 
thrown [e:\jenkins\tmp\workspace\build\src\src\hotspot\share\classfile\systemDictionary.cpp, line 256]
Event: 3.490 Thread 0x000001d45fbf7190 Exception <a 'java/lang/ClassNotFoundException'{0x000000070a78a170}: java/lang/ObjectCustomizer> (0x000000070a78a170) 
thrown [e:\jenkins\tmp\workspace\build\src\src\hotspot\share\classfile\systemDictionary.cpp, line 256]
Event: 3.491 Thread 0x000001d45fbf7190 Exception <a 'java/lang/ClassNotFoundException'{0x000000070a791520}: com/batch/marcas/model/HorarioLaboralCustomizer> (0x000000070a791520) 
thrown [e:\jenkins\tmp\workspace\build\src\src\hotspot\share\classfile\systemDictionary.cpp, line 256]
Event: 3.784 Thread 0x000001d45fbf7190 Exception <a 'java/lang/NoSuchMethodError'{0x0000000712e96a00}: 'void java.lang.invoke.DirectMethodHandle$Holder.invokeVirtual(java.lang.Object, java.lang.Object, int)'> (0x0000000712e96a00) 
thrown [e:\jenkins\tmp\workspace\build\src\src\hotspot\share\interpreter\linkResolver.cpp, line 766]
Event: 3.800 Thread 0x000001d45fbf7190 Exception <a 'java/lang/NoSuchMethodError'{0x0000000711264160}: 'int java.lang.invoke.DirectMethodHandle$Holder.invokeInterface(java.lang.Object, java.lang.Object, java.lang.Object, java.lang.Object)'> (0x0000000711264160) 
thrown [e:\jenkins\tmp\workspace\build\src\src\hotspot\share\interpreter\linkResolver.cpp, line 766]
Event: 244.547 Thread 0x000001d47507b0e0 Exception <a 'java/lang/ClassNotFoundException'{0x000000070a5afaf0}: java/lang/ObjectCustomizer> (0x000000070a5afaf0) 
thrown [e:\jenkins\tmp\workspace\build\src\src\hotspot\share\classfile\systemDictionary.cpp, line 256]
Event: 244.547 Thread 0x000001d47507b0e0 Exception <a 'java/lang/ClassNotFoundException'{0x000000070a5b6ef0}: com/batch/marcas/model/CalendarioEmpleadoCustomizer> (0x000000070a5b6ef0) 
thrown [e:\jenkins\tmp\workspace\build\src\src\hotspot\share\classfile\systemDictionary.cpp, line 256]

VM Operations (20 events):
Event: 345.254 Executing VM operation: get/set locals
Event: 345.254 Executing VM operation: get/set locals done
Event: 345.254 Executing VM operation: get/set locals
Event: 345.254 Executing VM operation: get/set locals done
Event: 345.255 Executing VM operation: get/set locals
Event: 345.256 Executing VM operation: get/set locals done
Event: 544.627 Executing VM operation: ChangeSingleStep
Event: 544.627 Executing VM operation: ChangeSingleStep done
Event: 544.627 Executing VM operation: ChangeSingleStep
Event: 544.627 Executing VM operation: ChangeSingleStep done
Event: 544.635 Executing VM operation: RedefineClasses
Event: 544.654 Executing VM operation: RedefineClasses done
Event: 544.668 Executing VM operation: ChangeBreakpoints
Event: 544.669 Executing VM operation: ChangeBreakpoints done
Event: 544.676 Executing VM operation: ChangeSingleStep
Event: 544.676 Executing VM operation: ChangeSingleStep done
Event: 544.676 Executing VM operation: get/set locals
Event: 544.677 Executing VM operation: get/set locals done
Event: 544.678 Executing VM operation: ChangeSingleStep
Event: 544.678 Executing VM operation: ChangeSingleStep done

Events (20 events):
Event: 4.853 loading class sun/nio/cs/Surrogate$Parser done
Event: 4.853 loading class sun/nio/cs/Surrogate
Event: 4.854 loading class sun/nio/cs/Surrogate done
Event: 4.854 Thread 0x000001d473e993b0 Thread exited: 0x000001d473e993b0
Event: 7.292 Thread 0x000001d47507c8f0 Thread exited: 0x000001d47507c8f0
Event: 9.865 Thread 0x000001d473265020 Thread exited: 0x000001d473265020
Event: 9.865 Thread 0x000001d47318ca40 Thread exited: 0x000001d47318ca40
Event: 91.012 Thread 0x000001d474b01460 Thread exited: 0x000001d474b01460
Event: 244.547 loading class java/lang/ObjectCustomizer
Event: 244.547 loading class java/lang/ObjectCustomizer done
Event: 244.547 loading class java/lang/ObjectCustomizer
Event: 244.547 loading class java/lang/ObjectCustomizer done
Event: 244.585 Thread 0x000001d477af4690 Thread added: 0x000001d477af4690
Event: 244.600 Thread 0x000001d477aee050 Thread added: 0x000001d477aee050
Event: 248.674 Thread 0x000001d477aee050 Thread exited: 0x000001d477aee050
Event: 248.674 Thread 0x000001d477af4690 Thread exited: 0x000001d477af4690
Event: 248.686 Thread 0x000001d477af4690 Thread added: 0x000001d477af4690
Event: 253.705 Thread 0x000001d477af4690 Thread exited: 0x000001d477af4690
Event: 344.695 Thread 0x000001d477ad9c70 Thread added: 0x000001d477ad9c70
Event: 349.706 Thread 0x000001d477ad9c70 Thread exited: 0x000001d477ad9c70


Dynamic libraries:
0x00007ff6049c0000 - 0x00007ff6049ce000 	C:\Programas\eclipse\eclipse\plugins\org.eclipse.justj.openjdk.hotspot.jre.full.win32.x86_64_17.0.2.v20220201-1208\jre\bin\javaw.exe
0x00007ffea1c90000 - 0x00007ffea1ea4000 	C:\WINDOWS\SYSTEM32\ntdll.dll
0x00007ffea1890000 - 0x00007ffea1952000 	C:\WINDOWS\System32\KERNEL32.DLL
0x00007ffe9f2c0000 - 0x00007ffe9f663000 	C:\WINDOWS\System32\KERNELBASE.dll
0x00007ffe9f670000 - 0x00007ffe9f781000 	C:\WINDOWS\System32\ucrtbase.dll
0x00007ffe07ab0000 - 0x00007ffe07ac8000 	C:\Programas\eclipse\eclipse\plugins\org.eclipse.justj.openjdk.hotspot.jre.full.win32.x86_64_17.0.2.v20220201-1208\jre\bin\jli.dll
0x00007ffe07a90000 - 0x00007ffe07aa9000 	C:\Programas\eclipse\eclipse\plugins\org.eclipse.justj.openjdk.hotspot.jre.full.win32.x86_64_17.0.2.v20220201-1208\jre\bin\VCRUNTIME140.dll
0x00007ffea0110000 - 0x00007ffea02bb000 	C:\WINDOWS\System32\USER32.dll
0x00007ffe9f900000 - 0x00007ffe9f926000 	C:\WINDOWS\System32\win32u.dll
0x00007ffe82cb0000 - 0x00007ffe82f3e000 	C:\WINDOWS\WinSxS\amd64_microsoft.windows.common-controls_6595b64144ccf1df_6.0.22621.1635_none_270f70857386168e\COMCTL32.dll
0x00007ffea0480000 - 0x00007ffea04a9000 	C:\WINDOWS\System32\GDI32.dll
0x00007ffea1970000 - 0x00007ffea1a17000 	C:\WINDOWS\System32\msvcrt.dll
0x00007ffe9f090000 - 0x00007ffe9f1a9000 	C:\WINDOWS\System32\gdi32full.dll
0x00007ffe9f1b0000 - 0x00007ffe9f24a000 	C:\WINDOWS\System32\msvcp_win.dll
0x00007ffea0610000 - 0x00007ffea0641000 	C:\WINDOWS\System32\IMM32.DLL
0x00007ffe6d0e0000 - 0x00007ffe6d0ec000 	C:\Programas\eclipse\eclipse\plugins\org.eclipse.justj.openjdk.hotspot.jre.full.win32.x86_64_17.0.2.v20220201-1208\jre\bin\vcruntime140_1.dll
0x00007ffe079f0000 - 0x00007ffe07a81000 	C:\Programas\eclipse\eclipse\plugins\org.eclipse.justj.openjdk.hotspot.jre.full.win32.x86_64_17.0.2.v20220201-1208\jre\bin\msvcp140.dll
0x00007ffe29510000 - 0x00007ffe2a157000 	C:\Programas\eclipse\eclipse\plugins\org.eclipse.justj.openjdk.hotspot.jre.full.win32.x86_64_17.0.2.v20220201-1208\jre\bin\server\jvm.dll
0x00007ffea0ef0000 - 0x00007ffea0f9e000 	C:\WINDOWS\System32\ADVAPI32.dll
0x00007ffea1b30000 - 0x00007ffea1bd4000 	C:\WINDOWS\System32\sechost.dll
0x00007ffe9fa90000 - 0x00007ffe9fba7000 	C:\WINDOWS\System32\RPCRT4.dll
0x00007ffea1960000 - 0x00007ffea1968000 	C:\WINDOWS\System32\PSAPI.DLL
0x00007ffe929d0000 - 0x00007ffe92a04000 	C:\WINDOWS\SYSTEM32\WINMM.dll
0x00007ffe93d90000 - 0x00007ffe93d99000 	C:\WINDOWS\SYSTEM32\WSOCK32.dll
0x00007ffe8b5f0000 - 0x00007ffe8b5fa000 	C:\WINDOWS\SYSTEM32\VERSION.dll
0x00007ffea0fa0000 - 0x00007ffea1011000 	C:\WINDOWS\System32\WS2_32.dll
0x00007ffe9e1b0000 - 0x00007ffe9e1c8000 	C:\WINDOWS\SYSTEM32\kernel.appcore.dll
0x00007ffe6cfd0000 - 0x00007ffe6cfda000 	C:\Programas\eclipse\eclipse\plugins\org.eclipse.justj.openjdk.hotspot.jre.full.win32.x86_64_17.0.2.v20220201-1208\jre\bin\jimage.dll
0x00007ffe9c990000 - 0x00007ffe9cbbe000 	C:\WINDOWS\SYSTEM32\DBGHELP.DLL
0x00007ffe9fcb0000 - 0x00007ffea0039000 	C:\WINDOWS\System32\combase.dll
0x00007ffe9fbb0000 - 0x00007ffe9fc87000 	C:\WINDOWS\System32\OLEAUT32.dll
0x00007ffe84fc0000 - 0x00007ffe84ff2000 	C:\WINDOWS\SYSTEM32\dbgcore.DLL
0x00007ffe9f930000 - 0x00007ffe9f9ab000 	C:\WINDOWS\System32\bcryptPrimitives.dll
0x00007ffe8a040000 - 0x00007ffe8a07b000 	C:\Programas\eclipse\eclipse\plugins\org.eclipse.justj.openjdk.hotspot.jre.full.win32.x86_64_17.0.2.v20220201-1208\jre\bin\jdwp.dll
0x00007ffe95da0000 - 0x00007ffe95dae000 	C:\Programas\eclipse\eclipse\plugins\org.eclipse.justj.openjdk.hotspot.jre.full.win32.x86_64_17.0.2.v20220201-1208\jre\bin\instrument.dll
0x00007ffe61d30000 - 0x00007ffe61d55000 	C:\Programas\eclipse\eclipse\plugins\org.eclipse.justj.openjdk.hotspot.jre.full.win32.x86_64_17.0.2.v20220201-1208\jre\bin\java.dll
0x00007ffe42d40000 - 0x00007ffe42d58000 	C:\Programas\eclipse\eclipse\plugins\org.eclipse.justj.openjdk.hotspot.jre.full.win32.x86_64_17.0.2.v20220201-1208\jre\bin\zip.dll
0x00007ffea1090000 - 0x00007ffea188a000 	C:\WINDOWS\System32\SHELL32.dll
0x00007ffe9d050000 - 0x00007ffe9d91e000 	C:\WINDOWS\SYSTEM32\windows.storage.dll
0x00007ffe9cf10000 - 0x00007ffe9d04e000 	C:\WINDOWS\SYSTEM32\wintypes.dll
0x00007ffea1a30000 - 0x00007ffea1b21000 	C:\WINDOWS\System32\SHCORE.dll
0x00007ffea04b0000 - 0x00007ffea050e000 	C:\WINDOWS\System32\shlwapi.dll
0x00007ffe9efc0000 - 0x00007ffe9efe1000 	C:\WINDOWS\SYSTEM32\profapi.dll
0x00007ffe95ce0000 - 0x00007ffe95cec000 	C:\Programas\eclipse\eclipse\plugins\org.eclipse.justj.openjdk.hotspot.jre.full.win32.x86_64_17.0.2.v20220201-1208\jre\bin\dt_socket.dll
0x00007ffe9dc80000 - 0x00007ffe9dcad000 	C:\WINDOWS\SYSTEM32\IPHLPAPI.DLL
0x00007ffe9e640000 - 0x00007ffe9e6a9000 	C:\WINDOWS\system32\mswsock.dll
0x00007ffe9dcb0000 - 0x00007ffe9dda3000 	C:\WINDOWS\SYSTEM32\DNSAPI.dll
0x00007ffea0650000 - 0x00007ffea0659000 	C:\WINDOWS\System32\NSI.dll
0x00007ffe8d730000 - 0x00007ffe8d73a000 	C:\Windows\System32\rasadhlp.dll
0x00007ffe909d0000 - 0x00007ffe90a54000 	C:\WINDOWS\System32\fwpuclnt.dll
0x00007ffe42d20000 - 0x00007ffe42d39000 	C:\Programas\eclipse\eclipse\plugins\org.eclipse.justj.openjdk.hotspot.jre.full.win32.x86_64_17.0.2.v20220201-1208\jre\bin\net.dll
0x00007ffe9bbc0000 - 0x00007ffe9bcf7000 	C:\WINDOWS\SYSTEM32\WINHTTP.dll
0x00007ffe255d0000 - 0x00007ffe255e5000 	C:\Programas\eclipse\eclipse\plugins\org.eclipse.justj.openjdk.hotspot.jre.full.win32.x86_64_17.0.2.v20220201-1208\jre\bin\nio.dll
0x00007ffe930a0000 - 0x00007ffe930a9000 	C:\Programas\eclipse\eclipse\plugins\org.eclipse.justj.openjdk.hotspot.jre.full.win32.x86_64_17.0.2.v20220201-1208\jre\bin\management.dll
0x00007ffe61df0000 - 0x00007ffe61dfb000 	C:\Programas\eclipse\eclipse\plugins\org.eclipse.justj.openjdk.hotspot.jre.full.win32.x86_64_17.0.2.v20220201-1208\jre\bin\management_ext.dll
0x00007ffe790c0000 - 0x00007ffe790d7000 	C:\WINDOWS\system32\napinsp.dll
0x00007ffe790a0000 - 0x00007ffe790bb000 	C:\WINDOWS\system32\pnrpnsp.dll
0x00007ffe79060000 - 0x00007ffe79071000 	C:\WINDOWS\System32\winrnr.dll
0x00007ffe79040000 - 0x00007ffe79055000 	C:\WINDOWS\system32\wshbth.dll
0x00007ffe78aa0000 - 0x00007ffe78ac1000 	C:\WINDOWS\system32\nlansp_c.dll
0x00007ffe9e8b0000 - 0x00007ffe9e8cb000 	C:\WINDOWS\SYSTEM32\CRYPTSP.dll
0x00007ffe9e110000 - 0x00007ffe9e145000 	C:\WINDOWS\system32\rsaenh.dll
0x00007ffe9e740000 - 0x00007ffe9e768000 	C:\WINDOWS\SYSTEM32\USERENV.dll
0x00007ffe9ea60000 - 0x00007ffe9ea88000 	C:\WINDOWS\SYSTEM32\bcrypt.dll
0x00007ffe9e8a0000 - 0x00007ffe9e8ac000 	C:\WINDOWS\SYSTEM32\CRYPTBASE.dll
0x00007ffe92940000 - 0x00007ffe92959000 	C:\WINDOWS\SYSTEM32\dhcpcsvc6.DLL
0x00007ffe92920000 - 0x00007ffe9293f000 	C:\WINDOWS\SYSTEM32\dhcpcsvc.DLL
0x00007ffe61de0000 - 0x00007ffe61df0000 	C:\Programas\eclipse\eclipse\plugins\org.eclipse.justj.openjdk.hotspot.jre.full.win32.x86_64_17.0.2.v20220201-1208\jre\bin\verify.dll
0x00007ffe8cd20000 - 0x00007ffe8cd2e000 	C:\Programas\eclipse\eclipse\plugins\org.eclipse.justj.openjdk.hotspot.jre.full.win32.x86_64_17.0.2.v20220201-1208\jre\bin\sunmscapi.dll
0x00007ffe9f790000 - 0x00007ffe9f8f7000 	C:\WINDOWS\System32\CRYPT32.dll
0x00007ffe9ea30000 - 0x00007ffe9ea5e000 	C:\WINDOWS\SYSTEM32\ncrypt.dll
0x00007ffe9e9f0000 - 0x00007ffe9ea27000 	C:\WINDOWS\SYSTEM32\NTASN1.dll

dbghelp: loaded successfully - version: 4.0.5 - missing functions: none
symbol engine: initialized successfully - sym options: 0x614 - pdb path: .;C:\Programas\eclipse\eclipse\plugins\org.eclipse.justj.openjdk.hotspot.jre.full.win32.x86_64_17.0.2.v20220201-1208\jre\bin;C:\WINDOWS\SYSTEM32;C:\WINDOWS\WinSxS\amd64_microsoft.windows.common-controls_6595b64144ccf1df_6.0.22621.1635_none_270f70857386168e;C:\Programas\eclipse\eclipse\plugins\org.eclipse.justj.openjdk.hotspot.jre.full.win32.x86_64_17.0.2.v20220201-1208\jre\bin\server

VM Arguments:
jvm_args: -XX:+ShowCodeDetailsInExceptionMessages -agentlib:jdwp=transport=dt_socket,suspend=y,address=localhost:58183 -Dcom.sun.management.jmxremote -Dcom.sun.management.jmxremote.port=58182 -Dcom.sun.management.jmxremote.authenticate=false -Dcom.sun.management.jmxremote.ssl=false -Djava.rmi.server.hostname=localhost -Dspring.jmx.enabled=true -Dspring.application.admin.enabled=true -XX:TieredStopAtLevel=1 -Dspring.boot.project.name=ProcesarCalendario -javaagent:C:\Programas\eclipse\eclipse\configuration\org.eclipse.osgi\422\0\.cp\lib\javaagent-shaded.jar -Dfile.encoding=UTF-8 
java_command: com.batch.marcas.DemoSpringBatchApplication
java_class_path (initial): C:\Proyectos\eclipse-workspace\ProcesarCalendario\target\classes;C:\Users\pedro\.m2\repository\org\springframework\boot\spring-boot-starter-batch\2.1.3.RELEASE\spring-boot-starter-batch-2.1.3.RELEASE.jar;C:\Users\pedro\.m2\repository\org\springframework\boot\spring-boot-starter\2.1.3.RELEASE\spring-boot-starter-2.1.3.RELEASE.jar;C:\Users\pedro\.m2\repository\org\springframework\boot\spring-boot\2.1.3.RELEASE\spring-boot-2.1.3.RELEASE.jar;C:\Users\pedro\.m2\repository\org\springframework\boot\spring-boot-autoconfigure\2.1.3.RELEASE\spring-boot-autoconfigure-2.1.3.RELEASE.jar;C:\Users\pedro\.m2\repository\org\springframework\boot\spring-boot-starter-logging\2.1.3.RELEASE\spring-boot-starter-logging-2.1.3.RELEASE.jar;C:\Users\pedro\.m2\repository\ch\qos\logback\logback-classic\1.2.3\logback-classic-1.2.3.jar;C:\Users\pedro\.m2\repository\ch\qos\logback\logback-core\1.2.3\logback-core-1.2.3.jar;C:\Users\pedro\.m2\repository\org\apache\logging\log4j\log4j-to-slf4j\2.11.2\log4j-to-slf4j-2.11.2.jar;C:\Users\pedro\.m2\repository\org\apache\logging\log4j\log4j-api\2.11.2\log4j-api-2.11.2.jar;C:\Users\pedro\.m2\repository\org\slf4j\jul-to-slf4j\1.7.25\jul-to-slf4j-1.7.25.jar;C:\Users\pedro\.m2\repository\javax\annotation\javax.annotation-api\1.3.2\javax.annotation-api-1.3.2.jar;C:\Users\pedro\.m2\repository\org\yaml\snakeyaml\1.23\snakeyaml-1.23.jar;C:\Users\pedro\.m2\repository\org\springframework\boot\spring-boot-starter-jdbc\2.1.3.RELEASE\spring-boot-starter-jdbc-2.1.3.RELEASE.jar;C:\Users\pedro\.m2\repository\com\zaxxer\HikariCP\3.2.0\HikariCP-3.2.0.jar;C:\Users\pedro\.m2\repository\org\springframework\batch\spring-batch-core\4.1.1.RELEASE\spring-batch-core-4.1.1.RELEASE.jar;C:\Users\pedro\.m2\repository\com\fasterxml\jackson\core\jackson-databind\2.9.8\jackson-databind-2.9.8.jar;C:\Users\pedro\.m2\repository\com\fasterxml\jackson\core\jackson-annotations\2.9.0\jackson-annotations-2.9.0.jar;C:\Users\pedro\.m2\repository\com\fasterxml\jackson\c
Launcher Type: SUN_STANDARD

[Global flags]
     intx CICompilerCount                          = 4                                         {product} {ergonomic}
     uint ConcGCThreads                            = 2                                         {product} {ergonomic}
     uint G1ConcRefinementThreads                  = 8                                         {product} {ergonomic}
   size_t G1HeapRegionSize                         = 2097152                                   {product} {ergonomic}
    uintx GCDrainStackTargetSize                   = 64                                        {product} {ergonomic}
   size_t InitialHeapSize                          = 266338304                                 {product} {ergonomic}
     bool ManagementServer                         = true                                      {product} {command line}
   size_t MarkStackSize                            = 4194304                                   {product} {ergonomic}
   size_t MaxHeapSize                              = 4242538496                                {product} {ergonomic}
   size_t MaxNewSize                               = 2543845376                                {product} {ergonomic}
   size_t MinHeapDeltaBytes                        = 2097152                                   {product} {ergonomic}
   size_t MinHeapSize                              = 8388608                                   {product} {ergonomic}
    uintx NonProfiledCodeHeapSize                  = 0                                      {pd product} {ergonomic}
     bool ProfileInterpreter                       = false                                  {pd product} {command line}
    uintx ProfiledCodeHeapSize                     = 0                                      {pd product} {ergonomic}
     bool ShowCodeDetailsInExceptionMessages       = true                                   {manageable} {command line}
   size_t SoftMaxHeapSize                          = 4242538496                             {manageable} {ergonomic}
     intx TieredStopAtLevel                        = 1                                         {product} {command line}
     bool UseCompressedClassPointers               = true                           {product lp64_product} {ergonomic}
     bool UseCompressedOops                        = true                           {product lp64_product} {ergonomic}
     bool UseG1GC                                  = true                                      {product} {ergonomic}
     bool UseLargePagesIndividualAllocation        = false                                  {pd product} {ergonomic}

Logging:
Log output configuration:
 #0: stdout all=warning uptime,level,tags
 #1: stderr all=off uptime,level,tags

Environment Variables:
JAVA_HOME=C:\Curso\java\jdk-20
PATH=C:\Programas\eclipse\eclipse\plugins\org.eclipse.justj.openjdk.hotspot.jre.full.win32.x86_64_17.0.2.v20220201-1208\jre\bin;C:/Programas/eclipse/eclipse//plugins/org.eclipse.justj.openjdk.hotspot.jre.full.win32.x86_64_17.0.2.v20220201-1208/jre/bin/server;C:/Programas/eclipse/eclipse//plugins/org.eclipse.justj.openjdk.hotspot.jre.full.win32.x86_64_17.0.2.v20220201-1208/jre/bin;C:\Program Files (x86)\Common Files\Oracle\Java\javapath;C:\WINDOWS\system32;C:\WINDOWS;C:\WINDOWS\System32\Wbem;C:\WINDOWS\System32\WindowsPowerShell\v1.0\;C:\WINDOWS\System32\OpenSSH\;C:\Program Files\nodejs\;C:\Program Files\Docker\Docker\resources\bin;C:\ProgramData\DockerDesktop\version-bin;C:\Programas\gradle-8.1\bin;C:\Program Files\Git\cmd;C:\Program Files\dotnet\;C:\Users\pedro\AppData\Local\Microsoft\WindowsApps;C:\Users\pedro\AppData\Roaming\npm;C:\Users\pedro\AppData\Local\GitHubDesktop\bin;C:\Users\pedro\AppData\Local\Programs\Microsoft VS Code\bin;C:\Curso\java\jdk-20\bin;C:\Users\pedro\.dotnet\tools;C:\Programas\eclipse\eclipse;
USERNAME=pedro
OS=Windows_NT
PROCESSOR_IDENTIFIER=Intel64 Family 6 Model 142 Stepping 12, GenuineIntel



---------------  S Y S T E M  ---------------

OS:
 Windows 11 , 64 bit Build 22621 (10.0.22621.1778)
OS uptime: 1 days 1:30 hours
Hyper-V role detected

CPU: total 8 (initial active 8) (4 cores per cpu, 2 threads per core) family 6 model 142 stepping 12 microcode 0xec, cx8, cmov, fxsr, ht, mmx, 3dnowpref, sse, sse2, sse3, ssse3, sse4.1, sse4.2, popcnt, lzcnt, tsc, tscinvbit, avx, avx2, aes, erms, clmul, bmi1, bmi2, adx, fma, vzeroupper, clflush, clflushopt, hv

Memory: 4k page, system-wide physical 16180M (2916M free)
TotalPageFile size 35636M (AvailPageFile size 14293M)
current process WorkingSet (physical memory assigned to process): 268M, peak: 270M
current process commit charge ("private bytes"): 301M, peak: 366M

vm_info: OpenJDK 64-Bit Server VM (17.0.2+8) for windows-amd64 JRE (17.0.2+8), built on Jan 20 2022 04:52:34 by "" with MS VC++ 16.7 (VS2019)

END.
